Parabola ó=õ^2   Quadratic Interpolation Search 

H = 0.666667, Tol = 0.001000, Nfm = 100, Nim = 100, Tm = 10.000
------------------------------------------------------------------------
 Ni    Nb    Nf      H         Dx        F1         x1		   State   
------------------------------------------------------------------------
   0    1    1    0.66667     2.0000     4.00000    -2.00000	begin
   0    2    2    0.66667     1.3333     1.77778    -1.33333	interval
   0    3    3    1.33333     0.0000     0.00000     0.00000	forward
   0    3    4    2.66667     2.6667     7.11111     2.66667	forward
   1    3    5    4.00000     0.0000     0.00000     0.00000	parabola
   2    3    6    4.00000     0.0000     0.00000     0.00000	left
   3    3    7    4.00000     0.0000     0.00000     0.00000	target non reached
   4    3    8    4.00000     0.0000     0.00000     0.00000	target non reached
   5    3    9    4.00000     0.0000     0.00000     0.00000	target non reached
   6    3   10    4.00000     0.0000     0.00000     0.00000	target non reached
   7    3   11    4.00000     0.0000     0.00000     0.00000	target non reached
   8    3   12    4.00000     0.0000     0.00000     0.00000	target non reached
   9    3   13    4.00000     0.0000     0.00000     0.00000	target non reached
  10    3   14    4.00000     0.0000     0.00000     0.00000	target non reached
  11    3   15    4.00000     0.0000     0.00000     0.00000	target non reached
  12    3   16    4.00000     0.0000     0.00000     0.00000	target non reached
  13    3   17    4.00000     0.0000     0.00000     0.00000	target non reached
  14    3   18    4.00000     0.0000     0.00000     0.00000	target non reached
  15    3   19    4.00000     0.0000     0.00000     0.00000	target non reached
  16    3   20    4.00000     0.0000     0.00000     0.00000	target non reached
  17    3   21    4.00000     0.0000     0.00000     0.00000	target non reached
  18    3   22    4.00000     0.0000     0.00000     0.00000	target non reached
  19    3   23    4.00000     0.0000     0.00000     0.00000	target non reached
  20    3   24    4.00000     0.0000     0.00000     0.00000	target non reached
  21    3   25    4.00000     0.0000     0.00000     0.00000	target non reached
  22    3   26    4.00000     0.0000     0.00000     0.00000	target non reached
  23    3   27    4.00000     0.0000     0.00000     0.00000	target non reached
  24    3   28    4.00000     0.0000     0.00000     0.00000	target non reached
  25    3   29    4.00000     0.0000     0.00000     0.00000	target non reached
  26    3   30    4.00000     0.0000     0.00000     0.00000	target non reached
  27    3   31    4.00000     0.0000     0.00000     0.00000	target non reached
  28    3   32    4.00000     0.0000     0.00000     0.00000	target non reached
  29    3   33    4.00000     0.0000     0.00000     0.00000	target non reached
  30    3   34    4.00000     0.0000     0.00000     0.00000	target non reached
  31    3   35    4.00000     0.0000     0.00000     0.00000	target non reached
  32    3   36    4.00000     0.0000     0.00000     0.00000	target non reached
  33    3   37    4.00000     0.0000     0.00000     0.00000	target non reached
  34    3   38    4.00000     0.0000     0.00000     0.00000	target non reached
  35    3   39    4.00000     0.0000     0.00000     0.00000	target non reached
  36    3   40    4.00000     0.0000     0.00000     0.00000	target non reached
  37    3   41    4.00000     0.0000     0.00000     0.00000	target non reached
  38    3   42    4.00000     0.0000     0.00000     0.00000	target non reached
  39    3   43    4.00000     0.0000     0.00000     0.00000	target non reached
  40    3   44    4.00000     0.0000     0.00000     0.00000	target non reached
  41    3   45    4.00000     0.0000     0.00000     0.00000	target non reached
  42    3   46    4.00000     0.0000     0.00000     0.00000	target non reached
  43    3   47    4.00000     0.0000     0.00000     0.00000	target non reached
  44    3   48    4.00000     0.0000     0.00000     0.00000	target non reached
  45    3   49    4.00000     0.0000     0.00000     0.00000	target non reached
  46    3   50    4.00000     0.0000     0.00000     0.00000	target non reached
  47    3   51    4.00000     0.0000     0.00000     0.00000	target non reached
  48    3   52    4.00000     0.0000     0.00000     0.00000	target non reached
  49    3   53    4.00000     0.0000     0.00000     0.00000	target non reached
  50    3   54    4.00000     0.0000     0.00000     0.00000	target non reached
  51    3   55    4.00000     0.0000     0.00000     0.00000	target non reached
  52    3   56    4.00000     0.0000     0.00000     0.00000	target non reached
  53    3   57    4.00000     0.0000     0.00000     0.00000	target non reached
  54    3   58    4.00000     0.0000     0.00000     0.00000	target non reached
  55    3   59    4.00000     0.0000     0.00000     0.00000	target non reached
  56    3   60    4.00000     0.0000     0.00000     0.00000	target non reached
  57    3   61    4.00000     0.0000     0.00000     0.00000	target non reached
  58    3   62    4.00000     0.0000     0.00000     0.00000	target non reached
  59    3   63    4.00000     0.0000     0.00000     0.00000	target non reached
  60    3   64    4.00000     0.0000     0.00000     0.00000	target non reached
  61    3   65    4.00000     0.0000     0.00000     0.00000	target non reached
  62    3   66    4.00000     0.0000     0.00000     0.00000	target non reached
  63    3   67    4.00000     0.0000     0.00000     0.00000	target non reached
  64    3   68    4.00000     0.0000     0.00000     0.00000	target non reached
  65    3   69    4.00000     0.0000     0.00000     0.00000	target non reached
  66    3   70    4.00000     0.0000     0.00000     0.00000	target non reached
  67    3   71    4.00000     0.0000     0.00000     0.00000	target non reached
  68    3   72    4.00000     0.0000     0.00000     0.00000	target non reached
  69    3   73    4.00000     0.0000     0.00000     0.00000	target non reached
  70    3   74    4.00000     0.0000     0.00000     0.00000	target non reached
  71    3   75    4.00000     0.0000     0.00000     0.00000	target non reached
  72    3   76    4.00000     0.0000     0.00000     0.00000	target non reached
  73    3   77    4.00000     0.0000     0.00000     0.00000	target non reached
  74    3   78    4.00000     0.0000     0.00000     0.00000	target non reached
  75    3   79    4.00000     0.0000     0.00000     0.00000	target non reached
  76    3   80    4.00000     0.0000     0.00000     0.00000	target non reached
  77    3   81    4.00000     0.0000     0.00000     0.00000	target non reached
  78    3   82    4.00000     0.0000     0.00000     0.00000	target non reached
  79    3   83    4.00000     0.0000     0.00000     0.00000	target non reached
  80    3   84    4.00000     0.0000     0.00000     0.00000	target non reached
  81    3   85    4.00000     0.0000     0.00000     0.00000	target non reached
  82    3   86    4.00000     0.0000     0.00000     0.00000	target non reached
  83    3   87    4.00000     0.0000     0.00000     0.00000	target non reached
  84    3   88    4.00000     0.0000     0.00000     0.00000	target non reached
  85    3   89    4.00000     0.0000     0.00000     0.00000	target non reached
  86    3   90    4.00000     0.0000     0.00000     0.00000	target non reached
  87    3   91    4.00000     0.0000     0.00000     0.00000	target non reached
  88    3   92    4.00000     0.0000     0.00000     0.00000	target non reached
  89    3   93    4.00000     0.0000     0.00000     0.00000	target non reached
  90    3   94    4.00000     0.0000     0.00000     0.00000	target non reached
  91    3   95    4.00000     0.0000     0.00000     0.00000	target non reached
  92    3   96    4.00000     0.0000     0.00000     0.00000	target non reached
  93    3   97    4.00000     0.0000     0.00000     0.00000	target non reached
  94    3   98    4.00000     0.0000     0.00000     0.00000	target non reached
  95    3   99    4.00000     0.0000     0.00000     0.00000	target non reached
  96    3   100    4.00000     0.0000     0.00000     0.00000	target non reached
  96    3   100    4.00000     0.0000     0.00000     0.00000	end
------------------------------------------------------------------------
Type Exit: 2 
Reached the allowed number of function evaluations
Ni = 96, Nf = 100, T = 0.001 sec
x = 0.000000000000
Fx = 0.000000000000

Exp: 
x = 0.000000000000e+000
Fx = 0.000000000000e+000
