Rotated Paraboloid   Division MultiSearch    Gauss-Seidel Search 

H = 0.100000, Tol = 0.010000, Nfm = 500, Nim = 200
--------------------------------------------------------------------------------------------------
    Ni    Nb    Nf       H          Dx           F1           x1           x2         State   
--------------------------------------------------------------------------------------------------
     0     1     1    0.10000	  1.2649      1.02400      -1.20000      -0.40000     begin
     1     2     2    1.00000	  0.6667      0.18844      -0.53333      -0.40000     interval
     1     2     3    2.00000	  0.8944      1.18400       0.80000      -0.40000     foward
     1     3     4    0.10000	  0.4472      0.10400      -0.20000      -0.40000     division
     1     3     5    0.75000	  0.8062      0.31400      -0.70000      -0.40000     division
     1     3     6    0.75000	  0.5000      0.39400       0.30000      -0.40000     division
     1     4     7    0.37500	  0.6021      0.14650      -0.45000      -0.40000     middle
     1     4     8    0.37500	  0.4031      0.18650       0.05000      -0.40000     middle
     1     5     9    0.18750	  0.5154      0.10962      -0.32500      -0.40000     middle
     1     5    10    0.18750	  0.4070      0.12963      -0.07500      -0.40000     middle
     1     6    11    0.09375	  0.4784      0.10291      -0.26250      -0.40000     middle
     1     6    12    0.04688	  0.4963      0.10529      -0.29375      -0.40000     left
     1     7    13    0.04688	  0.4620      0.10248      -0.23125      -0.40000     left
     1     8    14    0.02344	  0.4701      0.10245      -0.24687      -0.40000     right
     1     8    15    0.01172	  0.4742      0.10262      -0.25469      -0.40000     left
     1     9    16    0.01172	  0.4660      0.10240      -0.23906      -0.40000     left
     1     9    17    0.00586	  0.4680      0.10241      -0.24297      -0.40000     right
     1     9    18    0.00586	  0.4640      0.10242      -0.23516      -0.40000     right
     1    10    19    1.00000	  0.3555      0.20166      -0.23516       0.26667     interval
     1    10    20   -1.00000	  1.0923      0.89208      -0.23516      -1.06667     back
     1    10    21    0.10000	  0.4640      0.10242      -0.23516      -0.40000     division
     1    10    22    0.50000	  0.7701      0.38614      -0.23516      -0.73333     division
     1    11    23    0.50000	  0.2444      0.04093      -0.23516      -0.06667     division
     1    11    24    0.25000	  0.3313      0.04390      -0.23516      -0.23333     right
     1    11    25    0.25000	  0.2555      0.09352      -0.23516       0.10000     right
     1    12    26    0.12500	  0.2789      0.03547      -0.23516      -0.15000     middle
     1    12    27    0.06250	  0.3034      0.03795      -0.23516      -0.19167     left
     1    13    28    0.06250	  0.2589      0.03646      -0.23516      -0.10833     left
     1    14    29    0.03125	  0.2907      0.03628      -0.23516      -0.17083     middle
     1    15    30    0.03125	  0.2683      0.03553      -0.23516      -0.12917     middle
     1    15    31    0.01563	  0.2847      0.03576      -0.23516      -0.16042     middle
     1    16    32    0.01563	  0.2735      0.03539      -0.23516      -0.13958     middle
     1    16    33    0.00781	  0.2762      0.03540      -0.23516      -0.14479     right
     1    16    34    0.00781	  0.2708      0.03544      -0.23516      -0.13437     right
     2    17    35    1.00000	  0.6952      0.59325       0.68207      -0.13437     interval
     2    17    36   -1.00000	  1.1602      1.16021      -1.15238      -0.13437     back
     2    17    37    0.10000	  0.2708      0.03544      -0.23516      -0.13437     division
     2    17    38    0.50000	  0.7067      0.38750      -0.69377      -0.13437     division
     2    18    39    0.50000	  0.2607      0.10402       0.22345      -0.13437     division
     2    18    40    0.25000	  0.4835      0.15889      -0.46446      -0.13437     middle
     2    19    41    0.25000	  0.1345      0.01715      -0.00585      -0.13437     middle
     2    20    42    0.12500	  0.1805      0.01315      -0.12050      -0.13437     right
     2    20    43    0.06250	  0.2229      0.02101      -0.17783      -0.13437     left
     2    21    44    0.06250	  0.1485      0.01186      -0.06318      -0.13437     left
     2    22    45    0.03125	  0.1628      0.01168      -0.09184      -0.13437     right
     2    22    46    0.01563	  0.1713      0.01221      -0.10617      -0.13437     left
     2    23    47    0.01563	  0.1551      0.01157      -0.07751      -0.13437     left
     2    23    48    0.00781	  0.1588      0.01157      -0.08467      -0.13437     right
     2    23    49    0.00781	  0.1517      0.01166      -0.07034      -0.13437     right
     2    24    50    1.00000	  0.7860      0.68388      -0.07034       0.78285     interval
     2    24    51   -1.00000	  1.0539      1.02204      -0.07034      -1.05160     back
     2    24    52    0.10000	  0.1517      0.01166      -0.07034      -0.13437     division
     2    24    53    0.50000	  0.5971      0.30653      -0.07034      -0.59299     division
     2    25    54    0.50000	  0.3318      0.13745      -0.07034       0.32424     division
     2    26    55    0.25000	  0.3704      0.10651      -0.07034      -0.36368     middle
     2    27    56    0.25000	  0.1182      0.02197      -0.07034       0.09493     middle
     2    27    57    0.12500	  0.2588      0.04594      -0.07034      -0.24903     middle
     2    28    58    0.12500	  0.0731      0.00367      -0.07034      -0.01972     middle
     2    28    58    0.10000	  0.0731      0.00367      -0.07034      -0.01972     end
---------------------------------------------------------------------------------------------------
Type Exit: 4 
Achieved a given accuracy in function
Ni = 2, Nf= 58, T = 0.0160 sec
x1 = -0.070342978072 x2 = -0.019722301180 
Fx = 0.003672313182

Exp:
x1 = -7.034297807172e-002 x2 = -1.972230118032e-002 
Fx = 3.672313182351e-003
