Polynomial3D   Adaptation Step Search 

H = 0.100000, Tol = 0.010000, Nfm = 500, Nim = 200, Tm = 10.000
------------------------------------------------------------------------
 Ni    Nb    Nf      H         Dx        F1         x1		   State   
------------------------------------------------------------------------
   0    1    1    0.10000     2.0000     1.00000    -2.00000	begin
   1    2    2    0.10000     1.9000     0.99275    -1.90000	forward
   2    3    3    0.05000     1.8500     0.98397    -1.85000	forward
   3    4    4    0.10000     1.7500     0.95703    -1.75000	forward
   4    5    5    0.20000     1.5500     0.87091    -1.55000	forward
   5    6    6    0.40000     1.1500     0.61166    -1.15000	forward
   6    7    7    0.80000     0.3500     0.08116    -0.35000	forward
   7    7    8    1.60000     1.2500     1.66016     1.25000	forward
   8    8    9    0.40000     0.0500     0.00191     0.05000	back
   8    8    9    0.40000     0.0500     0.00191     0.05000	end
------------------------------------------------------------------------
Type Exit: 4 
Achieved a given accuracy in function
Ni = 8, Nf = 9, T = 0.000 sec
x = 0.050000000000
Fx = 0.001906250000

Exp: 
x = 5.000000000000e-002
Fx = 1.906250000000e-003
