U - func(Rosenbrock MOD)     Binary Genetic Algorithm 

H = 0.100000, Tol = 0.010000, Nfm = 1000, Nim = 200
--------------------------------------------------------------------------------------------------
    Ni    Nb    Nf       H          Dx           F1           x1           x2         State   
--------------------------------------------------------------------------------------------------
     0     1     1    0.10000	  2.2000    488.84000      -1.20000       1.00000     begin
     0     2     2    0.10000	  2.5925    199.70960      -1.04489      -0.59354     begin population
     0     3     3    0.10000	  1.7582      6.97134      -0.09318      -0.37706     begin population
     0     3     4    0.10000	  2.5530    208.48727      -0.84328      -0.76645     begin population
     0     4     5    0.10000	  1.5123      3.97598       0.29432      -0.33752     begin population
     0     4     6    0.10000	  0.3332     37.91696       0.70110       1.14722     begin population
     0     5     7    0.10000	  1.0472      0.78308       0.15829       0.37701     begin population
     0     5     8    0.10000	  2.1153     57.44819      -0.48015      -0.51115     begin population
     0     6     9    0.10000	  2.0850     45.83799       0.14344      -0.90093     begin population
     0     7    10    0.10000	  1.7192      1.30994       0.21856      -0.53132     begin population
     0     7    11    0.10000	  1.3179      9.27423       0.30883      -0.12209     begin population
     0     7    12    0.10000	  1.2903     28.47847      -0.21125       0.55519     begin population
     0     7    13    0.10000	  0.7996     36.22967       0.67345       0.27014     begin population
     0     8    14    0.10000	  1.0193     14.31390       0.40274       0.17404     begin population
     0     9    15    0.10000	  1.5885      2.28902      -0.06778      -0.17611     begin population
     0     9    16    0.10000	  2.1062     55.84655      -0.52198      -0.45591     begin population
     0     9    17    0.10000	  2.1534     73.66898      -0.81046      -0.16588     begin population
     1     9    18    1.74599	  2.5926    199.74405      -1.04493      -0.59361     new population
     1    10    19    1.74599	  1.6882      3.87507      -0.06117      -0.31305     new population
     1    10    20    1.74599	  2.5617    213.34902      -0.84740      -0.77470     new population
     1    11    21    1.74599	  1.7165      1.38264       0.20295      -0.52025     new population
     1    11    22    1.74599	  0.3332     37.95661       0.70119       1.14740     new population
     1    12    23    1.74599	  1.0455      0.77995       0.15916       0.37874     new population
     1    12    24    1.74599	  2.1433     63.70177      -0.49330      -0.53745     new population
     1    13    25    1.74599	  2.0850     45.84965       0.14342      -0.90096     new population
     1    14    26    1.74599	  1.7314      1.57142       0.21310      -0.54224     new population
     1    14    27    1.74599	  2.1153     57.45755      -0.48018      -0.51119     new population
     1    15    28    1.74599	  1.7583      6.97332      -0.09320      -0.37710     new population
     1    15    29    1.74599	  2.0459     44.12985      -0.44752      -0.44588     new population
     1    16    30    1.74599	  1.7553      6.81308      -0.09186      -0.37442     new population
     1    16    31    1.74599	  2.1153     57.46158      -0.48018      -0.51121     new population
     1    17    32    1.74599	  1.7563      6.86555      -0.09230      -0.37530     new population
     1    17    33    1.74599	  2.1872     74.63243      -0.51389      -0.57863     new population
     2    17    34    1.74612	  2.5926    199.74405      -1.04493      -0.59361     new population
     2    18    35    1.74612	  1.6882      3.87507      -0.06117      -0.31305     new population
     2    18    36    1.74612	  2.5674    216.60564      -0.85012      -0.78013     new population
     2    19    37    1.74612	  1.6646      0.87062       0.22616      -0.47383     new population
     2    19    38    1.74612	  0.3349     32.03434       0.68697       1.11896     new population
     2    20    39    1.74612	  1.1167      0.91162       0.12368       0.30779     new population
     2    20    40    1.74612	  2.1433     63.70653      -0.49331      -0.53747     new population
     2    21    41    1.74612	  1.9935     24.73238       0.18440      -0.81900     new population
     2    22    42    1.74612	  1.7314      1.57142       0.21310      -0.54224     new population
     2    22    43    1.74612	  0.3332     37.90466       0.70107       1.14717     new population
     2    22    44    1.74612	  2.2326     87.47630      -0.53511      -0.62106     new population
     2    23    45    1.74612	  0.3337     34.77388       0.69375       1.13253     new population
     2    23    46    1.74612	  2.1078     55.86669      -0.47664      -0.50412     new population
     2    24    47    1.74612	  0.5348      0.97195       0.51490       0.77483     new population
     2    24    48    1.74612	  2.2786    102.28024      -0.55660      -0.66404     new population
     2    25    49    1.74612	  0.3337     34.78338       0.69378       1.13258     new population
     3    25    50    1.74600	  2.5926    199.74405      -1.04493      -0.59361     new population
     3    26    51    1.74600	  1.4513      1.20622       0.04773      -0.09524     new population
     3    26    52    1.74600	  2.5674    216.60564      -0.85012      -0.78013     new population
     3    27    53    1.74600	  1.6646      0.87062       0.22616      -0.47383     new population
     3    28    54    1.74600	  0.5600      0.57561       0.50068       0.74639     new population
     3    28    55    1.74600	  1.0905      0.86464       0.13668       0.33379     new population
     3    28    56    1.74600	  2.1075     55.80980      -0.47651      -0.50386     new population
     3    29    57    1.74600	  1.6045      2.55749       0.35854      -0.47073     new population
     3    30    58    1.74600	  1.7314      1.57142       0.21310      -0.54224     new population
     3    30    59    1.74600	  2.5801    193.99175      -1.03877      -0.58129     new population
     3    31    60    1.74600	  2.0074     27.43031       0.17817      -0.83147     new population
     3    31    61    1.74600	  2.5989    202.72928      -1.04805      -0.59986     new population
     3    32    62    1.74600	  2.0241     30.88919       0.17071      -0.84639     new population
     3    32    63    1.74600	  2.3977    126.46866      -0.94749      -0.39874     new population
     3    33    64    1.74600	  2.1013     50.47619       0.13616      -0.91548     new population
     3    33    65    1.74600	  2.5802    194.00847      -1.03879      -0.58133     new population
     4    33    66    1.54561	  2.5926    199.74405      -1.04493      -0.59361     new population
     4    34    67    1.54561	  1.4478      1.21995       0.04935      -0.09201     new population
     4    34    68    1.54561	  2.5674    216.60564      -0.85012      -0.78013     new population
     4    35    69    1.54561	  1.6646      0.87062       0.22616      -0.47383     new population
     4    36    70    1.54561	  0.5468      0.75879       0.50811       0.76125     new population
     4    36    71    1.54561	  1.1604      0.97645       0.10220       0.26482     new population
     4    36    72    1.54561	  2.1075     55.80980      -0.47651      -0.50386     new population
     4    37    73    1.54561	  2.0278     31.70134       0.16903      -0.84974     new population
     4    38    74    1.54561	  1.7368      1.70854       0.21066      -0.54712     new population
     4    38    75    1.54561	  1.6960      4.14861      -0.06473      -0.32017     new population
     4    39    76    1.54561	  1.6643      0.87044       0.22631      -0.47353     new population
     4    39    77    1.54561	  1.4513      1.20622       0.04773      -0.09524     new population
     4    40    78    1.54561	  1.6637      0.87021       0.22659      -0.47297     new population
     4    40    79    1.54561	  1.4513      1.20622       0.04773      -0.09524     new population
     4    41    80    1.54561	  1.6646      0.87062       0.22616      -0.47383     new population
     4    41    81    1.54561	  1.6926      4.02767      -0.06319      -0.31707     new population
     5    41    82    1.55304	  2.5926    199.74405      -1.04493      -0.59361     new population
     5    42    83    1.55304	  1.4459      1.22790       0.05025      -0.09021     new population
     5    42    84    1.55304	  2.5617    213.31114      -0.84737      -0.77463     new population
     5    43    85    1.55304	  1.6644      0.87051       0.22624      -0.47366     new population
     5    44    86    1.55304	  0.5467      0.76010       0.50816       0.76135     new population
     5    44    87    1.55304	  1.1605      0.97652       0.10217       0.26476     new population
     5    44    88    1.55304	  2.1075     55.80980      -0.47651      -0.50386     new population
     5    45    89    1.55304	  1.9951     25.04099       0.18367      -0.82047     new population
     5    46    90    1.55304	  1.7571      2.33194       0.20162      -0.56520     new population
     5    47    91    1.55304	  1.6646      0.87062       0.22616      -0.47383     new population
     5    47    92    1.55304	  2.1078     55.87366      -0.47665      -0.50415     new population
     5    48    93    1.55304	  1.6646      0.87062       0.22616      -0.47383     new population
     5    48    94    1.55304	  2.1075     55.80980      -0.47651      -0.50386     new population
     5    49    95    1.55304	  1.6654      0.87121       0.22580      -0.47455     new population
     5    49    96    1.55304	  2.1113     56.60583      -0.47829      -0.50743     new population
     5    50    97    1.55304	  1.6768      0.90288       0.22074      -0.48468     new population
     6    50    98    1.55309	  2.5926    199.74405      -1.04493      -0.59361     new population
     6    51    99    1.55309	  1.4459      1.22790       0.05025      -0.09021     new population
     6    51   100    1.55309	  2.5462    204.71172      -0.84002      -0.75994     new population
     6    52   101    1.55309	  1.6645      0.87054       0.22622      -0.47371     new population
     6    53   102    1.55309	  0.5468      0.75879       0.50811       0.76125     new population
     6    53   103    1.55309	  1.5523      2.27847      -0.08521      -0.10999     new population
     6    53   104    1.55309	  2.1057     55.42680      -0.47565      -0.50213     new population
     6    54   105    1.55309	  2.0375     33.86388       0.16470      -0.85840     new population
     6    55   106    1.55309	  1.7570      2.32827       0.20167      -0.56511     new population
     6    55   107    1.55309	  2.5183    167.69337      -1.00801      -0.51977     new population
     6    56   108    1.55309	  2.1075     55.80980      -0.47651      -0.50386     new population
     6    56   109    1.55309	  2.5926    199.74405      -1.04493      -0.59361     new population
     6    57   110    1.55309	  2.0778     49.88414      -0.46253      -0.47590     new population
     6    57   111    1.55309	  2.5926    199.74405      -1.04493      -0.59361     new population
     6    58   112    1.55309	  2.1075     55.80980      -0.47651      -0.50386     new population
     6    58   113    1.55309	  2.5829    195.24740      -1.04013      -0.58401     new population
     7    58   114    1.55304	  2.5926    199.74405      -1.04493      -0.59361     new population
     7    59   115    1.55304	  1.4459      1.22790       0.05025      -0.09021     new population
     7    59   116    1.55304	  2.5462    204.71172      -0.84002      -0.75994     new population
     7    60   117    1.55304	  1.6627      0.87010       0.22704      -0.47206     new population
     7    60   118    1.55304	  0.3336     35.05293       0.69442       1.13387     new population
     7    61   119    1.55304	  1.5523      2.27847      -0.08521      -0.10999     new population
     7    61   120    1.55304	  2.1057     55.42680      -0.47565      -0.50213     new population
     7    62   121    1.55304	  2.0375     33.87241       0.16469      -0.85843     new population
     7    63   122    1.55304	  1.7687      2.77804       0.19640      -0.57565     new population
     7    63   123    1.55304	  2.5926    199.74405      -1.04493      -0.59361     new population
     7    64   124    1.55304	  2.4083    129.60017      -0.95283      -0.40941     new population
     7    64   125    1.55304	  2.5927    199.83102      -1.04502      -0.59379     new population
     7    65   126    1.55304	  2.5913    199.14036      -1.04429      -0.59233     new population
     7    65   127    1.55304	  2.5935    200.20918      -1.04542      -0.59459     new population
     7    66   128    1.55304	  2.5926    199.74405      -1.04493      -0.59361     new population
     7    66   129    1.55304	  2.6113    208.71857      -1.05419      -0.61213     new population
     8    67   130    1.73935	  2.5926    199.74405      -1.04493      -0.59361     new population
     8    68   131    1.73935	  1.4077      1.42873       0.06789      -0.05493     new population
     8    68   132    1.73935	  2.7681    359.63945      -0.94488      -0.96966     new population
     8    69   133    1.73935	  1.6627      0.87010       0.22704      -0.47206     new population
     8    69   134    1.73935	  0.3336     35.04337       0.69440       1.13383     new population
     8    70   135    1.73935	  1.5560      2.33248      -0.08693      -0.11344     new population
     8    70   136    1.73935	  2.1041     55.10519      -0.47492      -0.50067     new population
     8    71   137    1.73935	  2.0375     33.87241       0.16469      -0.85843     new population
     8    72   138    1.73935	  1.7687      2.77804       0.19640      -0.57565     new population
     8    72   139    1.73935	  0.3336     35.04337       0.69440       1.13383     new population
     8    72   140    1.73935	  2.0443     42.28035      -0.31347      -0.56652     new population
     8    73   141    1.73935	  0.5943      0.32138       0.48193       0.70889     new population
     8    73   142    1.73935	  1.5530      2.28780      -0.08551      -0.11059     new population
     8    73   143    1.73935	  0.3336     35.04337       0.69440       1.13383     new population
     8    74   144    1.73935	  1.5063      1.73577      -0.06355      -0.06668     new population
     8    74   145    1.73935	  0.3380     28.11434       0.67652       1.09807     new population
     9    74   146    1.73933	  2.5926    199.74405      -1.04493      -0.59361     new population
     9    75   147    1.73933	  1.6486      2.72281      -0.04303      -0.27677     new population
     9    75   148    1.73933	  2.7681    359.63945      -0.94488      -0.96966     new population
     9    76   149    1.73933	  1.6627      0.87010       0.22704      -0.47206     new population
     9    76   150    1.73933	  0.3338     34.46175       0.69300       1.13103     new population
     9    77   151    1.73933	  1.5103      1.77424      -0.06545      -0.07047     new population
     9    77   152    1.73933	  2.1041     55.10519      -0.47492      -0.50067     new population
     9    78   153    1.73933	  2.0375     33.87241       0.16469      -0.85843     new population
     9    79   154    1.73933	  1.7687      2.77804       0.19640      -0.57565     new population
     9    80   155    1.73933	  1.6788      0.91355       0.21980      -0.48654     new population
     9    80   156    1.73933	  2.7688    360.27917      -0.94523      -0.97036     new population
     9    81   157    1.73933	  1.9503     19.99021       0.09838      -0.72939     new population
     9    81   158    1.73933	  2.7687    360.21048      -0.94519      -0.97028     new population
     9    82   159    1.73933	  1.6616      0.87034       0.22750      -0.47115     new population
     9    82   160    1.73933	  2.0753     52.73027      -0.61297      -0.30584     new population
     9    83   161    1.73933	  1.5042      4.27805       0.29791      -0.33034     new population
    10    83   162    1.73793	  2.5926    199.74405      -1.04493      -0.59361     new population
    10    84   163    1.73793	  1.6443      2.61796      -0.04102      -0.27274     new population
    10    84   164    1.73793	  2.7680    359.60930      -0.94487      -0.96963     new population
    10    85   165    1.73793	  1.4990      4.48028       0.30024      -0.32566     new population
    10    85   166    1.73793	  0.3339     34.10408       0.69213       1.12929     new population
    10    86   167    1.73793	  1.5099      1.77012      -0.06525      -0.07007     new population
    10    86   168    1.73793	  2.1227     59.05543      -0.48364      -0.51813     new population
    10    87   169    1.73793	  2.0375     33.87241       0.16469      -0.85843     new population
    10    88   170    1.73793	  1.7687      2.77804       0.19640      -0.57565     new population
    10    88   171    1.73793	  1.8637     29.13915      -0.50777      -0.09543     new population
    10    89   172    1.73793	  1.6486      2.72281      -0.04303      -0.27677     new population
    10    89   173    1.73793	  2.7834    373.14250      -0.95210      -0.98409     new population
    10    90   174    1.73793	  1.8850     17.11643      -0.15104      -0.49278     new population
    10    90   175    1.73793	  2.7255    324.25267      -0.92487      -0.92963     new population
    10    91   176    1.73793	  1.6487      2.72421      -0.04306      -0.27682     new population
    10    91   177    1.73793	  2.7681    359.63945      -0.94488      -0.96966     new population
    11    92   178    1.73706	  2.5926    199.74405      -1.04493      -0.59361     new population
    11    93   179    1.73706	  1.6442      2.61680      -0.04099      -0.27269     new population
    11    93   180    1.73706	  2.7698    361.19466      -0.94573      -0.97135     new population
    11    94   181    1.73706	  1.7871      3.85440       0.17138      -0.58338     new population
    11    94   182    1.73706	  0.3339     34.11369       0.69215       1.12933     new population
    11    95   183    1.73706	  1.5103      1.77416      -0.06544      -0.07046     new population
    11    95   184    1.73706	  2.0931     52.87274      -0.46975      -0.49034     new population
    11    96   185    1.73706	  1.7043      0.77499       0.31387      -0.56006     new population
    11    96   186    1.73706	  1.7688      2.77968       0.19638      -0.57569     new population
    11    97   187    1.73706	  1.4823      1.53716      -0.05225      -0.04407     new population
    11    97   188    1.73706	  1.5099      1.77012      -0.06525      -0.07007     new population
    11    97   189    1.73706	  1.5110      1.78093      -0.06577      -0.07112     new population
    11    98   190    1.73706	  1.5104      1.77464      -0.06547      -0.07051     new population
    11    99   191    1.73706	  1.5086      1.75765      -0.06464      -0.06886     new population
    11    99   192    1.73706	  1.5098      1.76954      -0.06522      -0.07002     new population
    11    99   193    1.73706	  1.5546      2.31166      -0.08627      -0.11212     new population
    12    99   194    1.73708	  2.5926    199.74405      -1.04493      -0.59361     new population
    12   100   195    1.73708	  1.6443      2.61796      -0.04102      -0.27274     new population
    12   100   196    1.73708	  2.7680    359.60930      -0.94487      -0.96963     new population
    12   101   197    1.73708	  1.7702      3.05552       0.17893      -0.56828     new population
    12   102   198    1.73708	  0.5629      0.54268       0.49908       0.74319     new population
    12   102   199    1.73708	  1.5091      1.76269      -0.06489      -0.06935     new population
    12   102   200    1.73708	  2.1249     59.52397      -0.48465      -0.52014     new population
    12   103   201    1.73708	  2.1296     59.27444       0.12346      -0.94089     new population
    12   104   202    1.73708	  1.7643      2.60070       0.19839      -0.57167     new population
    12   104   203    1.73708	  2.8606    369.90824      -1.17634      -0.85643     new population
    12   105   204    1.73708	  0.3336     41.63291       0.70925       1.16353     new population
    12   105   205    1.73708	  2.5926    199.74405      -1.04493      -0.59361     new population
    12   106   206    1.73708	  0.3383     27.81203       0.67567       1.09637     new population
    12   106   207    1.73708	  2.5989    202.72456      -1.04805      -0.59985     new population
    12   107   208    1.73708	  0.3339     34.06544       0.69204       1.12910     new population
    12   107   209    1.73708	  2.5926    199.74405      -1.04493      -0.59361     new population
    13   107   210    1.75714	  2.5926    199.74405      -1.04493      -0.59361     new population
    13   108   211    1.75714	  1.6209      2.13082      -0.03031      -0.25132     new population
    13   108   212    1.75714	  2.6789    288.69800      -0.90285      -0.88559     new population
    13   109   213    1.75714	  1.7871      3.85440       0.17138      -0.58338     new population
    13   110   214    1.75714	  0.5336      0.99667       0.51560       0.77623     new population
    13   110   215    1.75714	  1.5091      1.76211      -0.06486      -0.06929     new population
    13   110   216    1.75714	  2.1248     59.51666      -0.48463      -0.52010     new population
    13   111   217    1.75714	  2.1296     59.27444       0.12346      -0.94089     new population
    13   112   218    1.75714	  1.7643      2.60002       0.19839      -0.57166     new population
    13   112   219    1.75714	  2.1249     59.52397      -0.48465      -0.52014     new population
    13   112   220    1.75714	  2.1305     60.77594      -0.48729      -0.52543     new population
    13   113   221    1.75714	  2.1249     59.52397      -0.48465      -0.52014     new population
    13   113   222    1.75714	  2.1249     59.52397      -0.48465      -0.52014     new population
    13   113   223    1.75714	  2.1249     59.52397      -0.48465      -0.52014     new population
    13   113   224    1.75714	  2.1249     59.52397      -0.48465      -0.52014     new population
    13   113   225    1.75714	  2.1249     59.52397      -0.48465      -0.52014     new population
    14   113   226    1.56053	  2.5926    199.74405      -1.04493      -0.59361     new population
    14   114   227    1.56053	  1.6243      2.19421      -0.03185      -0.25441     new population
    14   114   228    1.56053	  1.9952     41.71281      -0.57345      -0.22680     new population
    14   115   229    1.56053	  1.7856      3.77738       0.17206      -0.58203     new population
    14   116   230    1.56053	  0.5805      0.38967       0.48942       0.72387     new population
    14   116   231    1.56053	  1.5091      1.76211      -0.06486      -0.06929     new population
    14   116   232    1.56053	  2.1286     60.35699      -0.48641      -0.52367     new population
    14   116   233    1.56053	  2.1669     72.25431       0.10677      -0.97427     new population
    14   117   234    1.56053	  1.7643      2.60002       0.19839      -0.57166     new population
    14   117   235    1.56053	  2.4083    129.60017      -0.95283      -0.40941     new population
    14   118   236    1.56053	  1.5091      1.76211      -0.06486      -0.06929     new population
    14   118   237    1.56053	  2.5926    199.74405      -1.04493      -0.59361     new population
    14   119   238    1.56053	  1.0478      0.78420       0.15799       0.37640     new population
    14   119   239    1.56053	  2.5926    199.74405      -1.04493      -0.59361     new population
    14   120   240    1.56053	  1.4332      1.26750      -0.02902       0.00239     new population
    14   120   241    1.56053	  2.8697    377.46808      -1.18076      -0.86527     new population
    15   121   242    1.53435	  2.5926    199.74405      -1.04493      -0.59361     new population
    15   122   243    1.53435	  1.6217      2.14487      -0.03065      -0.25201     new population
    15   122   244    1.53435	  2.6870    294.64395      -0.90668      -0.89325     new population
    15   123   245    1.53435	  1.7855      3.77478       0.17208      -0.58199     new population
    15   124   246    1.53435	  0.5779      0.40718       0.49082       0.72667     new population
    15   124   247    1.53435	  1.4073      1.18250      -0.01672       0.02699     new population
    15   124   248    1.53435	  2.1286     60.35699      -0.48641      -0.52367     new population
    15   124   249    1.53435	  2.1649     71.52163       0.10766      -0.97249     new population
    15   125   250    1.53435	  1.7643      2.60002       0.19839      -0.57166     new population
    15   125   251    1.53435	  1.7863      3.81289       0.17175      -0.58266     new population
    15   126   252    1.53435	  1.5050      1.72383      -0.06295      -0.06547     new population
    15   126   253    1.53435	  1.7680      2.95921       0.17994      -0.56627     new population
    15   127   254    1.53435	  1.5121      1.79131      -0.06626      -0.07211     new population
    15   127   255    1.53435	  1.7863      3.81289       0.17175      -0.58266     new population
    15   128   256    1.53435	  1.5091      1.76211      -0.06486      -0.06929     new population
    15   128   257    1.53435	  1.7860      3.80030       0.17186      -0.58244     new population
    16   128   258    1.53575	  2.5926    199.74405      -1.04493      -0.59361     new population
    16   129   259    1.53575	  1.6236      2.18156      -0.03155      -0.25380     new population
    16   129   260    1.53575	  2.0161     44.31773      -0.58382      -0.24754     new population
    16   130   261    1.53575	  1.5097      4.07197       0.29547      -0.33521     new population
    16   130   262    1.53575	  0.3336     34.97877       0.69425       1.13352     new population
    16   131   263    1.53575	  1.4071      1.18194      -0.01662       0.02719     new population
    16   131   264    1.53575	  2.1286     60.35699      -0.48641      -0.52367     new population
    16   131   265    1.53575	  2.1653     71.66783       0.10748      -0.97285     new population
    16   132   266    1.53575	  1.7643      2.60002       0.19839      -0.57166     new population
    16   133   267    1.53575	  1.6194      2.10380      -0.02963      -0.24996     new population
    16   133   268    1.53575	  2.1286     60.35244      -0.48640      -0.52365     new population
    16   134   269    1.53575	  1.6217      2.14487      -0.03065      -0.25201     new population
    16   134   270    1.53575	  2.0610     46.77365      -0.45461      -0.46006     new population
    16   135   271    1.53575	  1.6217      2.14487      -0.03065      -0.25201     new population
    16   135   272    1.53575	  2.1265     59.88293      -0.48541      -0.52166     new population
    16   136   273    1.53575	  1.6217      2.14487      -0.03065      -0.25201     new population
    17   136   274    1.73917	  2.5926    199.74405      -1.04493      -0.59361     new population
    17   137   275    1.73917	  1.6236      2.18061      -0.03153      -0.25376     new population
    17   137   276    1.73917	  2.0161     44.31773      -0.58382      -0.24754     new population
    17   138   277    1.73917	  1.5097      4.07197       0.29547      -0.33521     new population
    17   138   278    1.73917	  0.3336     34.99810       0.69429       1.13361     new population
    17   139   279    1.73917	  1.0940      0.87126       0.13491       0.33025     new population
    17   139   280    1.73917	  2.0969     53.61665      -0.47149      -0.49382     new population
    17   139   281    1.73917	  2.1640     71.15830       0.10810      -0.97161     new population
    17   139   282    1.73917	  2.3947    190.28573      -0.08357      -1.13558     new population
    17   140   283    1.73917	  1.6929      1.02575       0.21354      -0.49908     new population
    17   140   284    1.73917	  2.0164     44.34732      -0.58393      -0.24776     new population
    17   141   285    1.73917	  1.5097      4.07197       0.29547      -0.33521     new population
    17   141   286    1.73917	  2.0062     43.05603      -0.57889      -0.23768     new population
    17   142   287    1.73917	  1.5103      4.04782       0.29518      -0.33579     new population
    17   142   288    1.73917	  2.7068    309.59114      -0.91604      -0.91198     new population
    17   143   289    1.73917	  1.5104      4.04591       0.29516      -0.33583     new population
    18   143   290    1.73922	  2.5926    199.74405      -1.04493      -0.59361     new population
    18   144   291    1.73922	  1.6683      3.24615      -0.05203      -0.29477     new population
    18   144   292    1.73922	  1.8210     26.25200      -0.48619      -0.05228     new population
    18   145   293    1.73922	  1.5123      3.97344       0.29429      -0.33758     new population
    18   145   294    1.73922	  0.3336     34.99810       0.69429       1.13361     new population
    18   146   295    1.73922	  1.0940      0.87126       0.13491       0.33025     new population
    18   146   296    1.73922	  2.0972     53.68821      -0.47166      -0.49415     new population
    18   146   297    1.73922	  2.1615     70.25743       0.10920      -0.96940     new population
    18   146   298    1.73922	  2.3937    189.60240      -0.08312      -1.13468     new population
    18   147   299    1.73922	  1.6236      2.18156      -0.03155      -0.25380     new population
    18   147   300    1.73922	  1.5105      4.04174       0.29511      -0.33593     new population
    18   148   301    1.73922	  1.6175      2.06876      -0.02873      -0.24817     new population
    18   148   302    1.73922	  1.5097      4.07197       0.29547      -0.33521     new population
    18   149   303    1.73922	  1.6238      2.18516      -0.03164      -0.25398     new population
    18   149   304    1.73922	  1.4145      8.22533       0.33805      -0.25004     new population
    18   150   305    1.73922	  1.6240      2.18891      -0.03173      -0.25416     new population
    19   150   306    1.73922	  2.5926    199.74405      -1.04493      -0.59361     new population
    19   151   307    1.73922	  1.6690      3.26548      -0.05234      -0.29538     new population
    19   151   308    1.73922	  1.8192     26.14391      -0.48530      -0.05050     new population
    19   152   309    1.73922	  1.5130      3.94956       0.29400      -0.33816     new population
    19   152   310    1.73922	  0.3332     37.91914       0.70110       1.14723     new population
    19   153   311    1.73922	  1.0940      0.87126       0.13491       0.33025     new population
    19   153   312    1.73922	  2.0987     53.99292      -0.47236      -0.49557     new population
    19   153   313    1.73922	  2.1615     70.25743       0.10920      -0.96940     new population
    19   153   314    1.73922	  2.3781    179.12782      -0.07610      -1.12064     new population
    19   154   315    1.73922	  0.3338     42.35205       0.71077       1.16657     new population
    19   154   316    1.73922	  2.1484     64.89845      -0.49569      -0.54223     new population
    19   155   317    1.73922	  0.5945      0.32070       0.48182       0.70867     new population
    19   155   318    1.73922	  2.0972     53.69491      -0.47167      -0.49419     new population
    19   156   319    1.73922	  0.3336     34.94900       0.69418       1.13338     new population
    19   156   320    1.73922	  2.0972     53.68821      -0.47166      -0.49415     new population
    19   157   321    1.73922	  0.3336     34.98943       0.69427       1.13357     new population
    20   157   322    1.76018	  2.5926    199.74405      -1.04493      -0.59361     new population
    20   158   323    1.76018	  1.6656      3.16828      -0.05079      -0.29228     new population
    20   158   324    1.76018	  1.8193     26.14452      -0.48531      -0.05051     new population
    20   159   325    1.76018	  1.4178      8.06367       0.33656      -0.25303     new population
    20   159   326    1.76018	  0.3376     28.57288       0.67779       1.10061     new population
    20   160   327    1.76018	  1.0940      0.87115       0.13494       0.33031     new population
    20   160   328    1.76018	  2.1182     58.06402      -0.48150      -0.51385     new population
    20   160   329    1.76018	  2.1649     71.50925       0.10767      -0.97246     new population
    20   160   330    1.76018	  2.3781    179.12782      -0.07610      -1.12064     new population
    20   160   331    1.76018	  2.5926    199.78032      -1.04497      -0.59369     new population
    20   161   332    1.76018	  2.0714     42.18478       0.14951      -0.88879     new population
    20   161   333    1.76018	  2.5837    195.61889      -1.04053      -0.58481     new population
    20   162   334    1.76018	  2.2192     93.33211       0.08340      -1.02101     new population
    20   162   335    1.76018	  2.5924    199.69515      -1.04488      -0.59351     new population
    20   163   336    1.76018	  2.1612     70.13640       0.10935      -0.96910     new population
    20   163   337    1.76018	  2.5924    199.69515      -1.04488      -0.59351     new population
    21   163   338    1.72272	  2.5926    199.74405      -1.04493      -0.59361     new population
    21   164   339    1.72272	  1.9065     19.54951      -0.16081      -0.51232     new population
    21   164   340    1.72272	  1.8193     26.14836      -0.48534      -0.05057     new population
    21   165   341    1.72272	  1.5985      1.50646       0.25575      -0.41465     new population
    21   165   342    1.72272	  0.3381     28.06802       0.67639       1.09781     new population
    21   166   343    1.72272	  1.0440      0.77724       0.15991       0.38025     new population
    21   166   344    1.72272	  2.1166     57.73594      -0.48079      -0.51241     new population
    21   166   345    1.72272	  2.2223     94.71391       0.08199      -1.02382     new population
    21   166   346    1.72272	  2.3819    181.67202      -0.07783      -1.12410     new population
    21   167   347    1.72272	  1.4407      6.98481       0.32634      -0.27346     new population
    21   168   348    1.72272	  1.6636      3.11193      -0.04987      -0.29044     new population
    21   168   349    1.72272	  1.4175      8.07948       0.33670      -0.25274     new population
    21   168   350    1.72272	  1.9084     19.77863      -0.16168      -0.51406     new population
    21   169   351    1.72272	  1.4029      8.79199       0.34324      -0.23966     new population
    21   169   352    1.72272	  1.9044     19.31026      -0.15989      -0.51048     new population
    21   170   353    1.72272	  1.4178      8.06367       0.33656      -0.25303     new population
    22   170   354    1.72132	  2.5926    199.74405      -1.04493      -0.59361     new population
    22   171   355    1.72132	  1.9090     19.85752      -0.16198      -0.51466     new population
    22   171   356    1.72132	  1.8193     26.14836      -0.48534      -0.05057     new population
    22   172   357    1.72132	  1.5985      1.50646       0.25575      -0.41465     new population
    22   172   358    1.72132	  0.3355     31.10671       0.68458       1.11418     new population
    22   173   359    1.72132	  1.0193      0.73606       0.17233       0.40509     new population
    22   173   360    1.72132	  2.1166     57.73561      -0.48078      -0.51241     new population
    22   173   361    1.72132	  2.2223     94.71391       0.08199      -1.02382     new population
    22   173   362    1.72132	  2.3663    171.53314      -0.07083      -1.11011     new population
    22   174   363    1.72132	  1.8193     26.14836      -0.48534      -0.05057     new population
    22   174   364    1.72132	  1.8193     26.14836      -0.48534      -0.05057     new population
    22   174   365    1.72132	  2.4984    179.97557      -0.81730      -0.71449     new population
    22   175   366    1.72132	  2.0291     46.02202      -0.59022      -0.26033     new population
    22   176   367    1.72132	  1.8029     25.17738      -0.47700      -0.03389     new population
    22   176   368    1.72132	  1.8191     26.13465      -0.48522      -0.05034     new population
    22   176   369    1.72132	  2.4987    180.12150      -0.81744      -0.71478     new population
    23   176   370    1.72951	  2.5926    199.74405      -1.04493      -0.59361     new population
    23   177   371    1.72951	  1.8608     14.64127      -0.13999      -0.47069     new population
    23   177   372    1.72951	  1.8114     25.66952      -0.48130      -0.04250     new population
    23   178   373    1.72951	  1.5985      1.50646       0.25575      -0.41465     new population
    23   178   374    1.72951	  0.3355     31.10671       0.68458       1.11418     new population
    23   179   375    1.72951	  1.0193      0.73606       0.17233       0.40509     new population
    23   179   376    1.72951	  2.1167     57.74273      -0.48080      -0.51244     new population
    23   179   377    1.72951	  2.2222     94.65269       0.08205      -1.02370     new population
    23   179   378    1.72951	  2.3600    167.54778      -0.06801      -1.10446     new population
    23   180   379    1.72951	  1.0489      0.78620       0.15744       0.37530     new population
    23   180   380    1.72951	  1.4181      8.05320       0.33646      -0.25323     new population
    23   181   381    1.72951	  1.0192      0.73599       0.17235       0.40513     new population
    23   181   382    1.72951	  1.5959      1.55593       0.25689      -0.41236     new population
    23   181   383    1.72951	  1.4873      1.57411      -0.05459      -0.04875     new population
    23   181   384    1.72951	  1.4153      8.18506       0.33768      -0.25079     new population
    23   182   385    1.72951	  1.0490      0.78637       0.15739       0.37521     new population
    24   182   386    1.72951	  2.5926    199.74405      -1.04493      -0.59361     new population
    24   183   387    1.72951	  1.6889      3.89779      -0.06148      -0.31365     new population
    24   183   388    1.72951	  1.8113     25.66581      -0.48127      -0.04244     new population
    24   184   389    1.72951	  1.5985      1.50646       0.25575      -0.41465     new population
    24   184   390    1.72951	  0.3332     37.89959       0.70106       1.14714     new population
    24   185   391    1.72951	  1.0193      0.73606       0.17233       0.40509     new population
    24   185   392    1.72951	  2.1505     65.39031      -0.49667      -0.54418     new population
    24   186   393    1.72951	  1.8899      9.76463       0.23078      -0.72625     new population
    24   186   394    1.72951	  2.3644    170.34510      -0.07000      -1.10844     new population
    24   187   395    1.72951	  1.6937      1.03467       0.21316      -0.49982     new population
    24   187   396    1.72951	  1.8608     14.64127      -0.13999      -0.47069     new population
    24   188   397    1.72951	  1.5984      1.50901       0.25581      -0.41453     new population
    24   188   398    1.72951	  1.6232      2.17429      -0.03137      -0.25345     new population
    24   189   399    1.72951	  1.5984      1.50744       0.25577      -0.41461     new population
    24   189   400    1.72951	  1.6923      4.01531      -0.06302      -0.31675     new population
    24   190   401    1.72951	  1.5975      1.52486       0.25618      -0.41379     new population
    25   190   402    1.74599	  2.5926    199.74405      -1.04493      -0.59361     new population
    25   191   403    1.74599	  1.8608     14.64127      -0.13999      -0.47069     new population
    25   191   404    1.74599	  1.8945     31.55873      -0.52327      -0.12644     new population
    25   192   405    1.74599	  1.5985      1.50586       0.25573      -0.41468     new population
    25   192   406    1.74599	  0.3332     37.75327       0.70073       1.14648     new population
    25   193   407    1.74599	  1.0193      0.73606       0.17233       0.40509     new population
    25   193   408    1.74599	  2.1504     65.37870      -0.49664      -0.54413     new population
    25   194   409    1.74599	  1.8899      9.76463       0.23078      -0.72625     new population
    25   194   410    1.74599	  2.3522    162.74000      -0.06454      -1.09752     new population
    25   195   411    1.74599	  1.5958      1.55756       0.25693      -0.41228     new population
    25   195   412    1.74599	  1.6889      3.89779      -0.06148      -0.31365     new population
    25   196   413    1.74599	  1.5985      1.50646       0.25575      -0.41465     new population
    25   196   414    1.74599	  1.6889      3.89779      -0.06148      -0.31365     new population
    25   196   415    1.74599	  1.8866     11.68754       0.12689      -0.67237     new population
    25   197   416    1.74599	  1.4520      1.20373       0.04743      -0.09585     new population
    25   197   417    1.74599	  1.5985      1.50646       0.25575      -0.41465     new population
    26   197   418    1.74565	  2.5926    199.74405      -1.04493      -0.59361     new population
    26   198   419    1.74565	  1.8608     14.64127      -0.13999      -0.47069     new population
    26   198   420    1.74565	  1.8762     30.08233      -0.51404      -0.10798     new population
    26   199   421    1.74565	  1.4181      8.05320       0.33646      -0.25323     new population
    26   199   422    1.74565	  0.3332     37.75327       0.70073       1.14648     new population
    26   200   423    1.74565	  1.0440      0.77724       0.15991       0.38025     new population
    26   200   424    1.74565	  2.1504     65.37870      -0.49664      -0.54413     new population
    26   201   425    1.74565	  1.8902      9.80062       0.23063      -0.72655     new population
    26   201   426    1.74565	  2.3680    172.60205      -0.07159      -1.11162     new population
    26   201   427    1.74565	  2.6113    208.74124      -1.05421      -0.61218     new population
    26   202   428    1.74565	  1.8946     31.56253      -0.52329      -0.12648     new population
    26   202   429    1.74565	  2.8691    377.02399      -1.18050      -0.86475     new population
    26   203   430    1.74565	  1.9386     35.55372      -0.54532      -0.17054     new population
    26   203   431    1.74565	  2.5917    199.35633      -1.04452      -0.59279     new population
    26   204   432    1.74565	  2.1005     56.82480      -0.62533      -0.33055     new population
    26   204   433    1.74565	  2.5926    199.74405      -1.04493      -0.59361     new population
    27   204   434    1.74565	  2.5926    199.74405      -1.04493      -0.59361     new population
    27   205   435    1.74565	  1.4479      1.21956       0.04930      -0.09210     new population
    27   205   436    1.74565	  1.8759     30.05971      -0.51390      -0.10769     new population
    27   206   437    1.74565	  1.5132      3.93967       0.29388      -0.33840     new population
    27   206   438    1.74565	  0.3349     45.51575       0.71725       1.17953     new population
    27   207   439    1.74565	  1.4299      1.25475      -0.02744       0.00554     new population
    27   207   440    1.74565	  2.0981     53.86753      -0.47207      -0.49499     new population
    27   208   441    1.74565	  1.8917      9.95223       0.22998      -0.72784     new population
    27   208   442    1.74565	  2.3690    173.24303      -0.07203      -1.11251     new population
    27   209   443    1.74565	  0.3355     30.98790       0.68427       1.11356     new population
    27   209   444    1.74565	  0.3337     34.85101       0.69394       1.13291     new population
    27   209   445    1.74565	  0.3332     37.05421       0.69913       1.14328     new population
    27   210   446    1.74565	  0.5356      0.95599       0.51444       0.77390     new population
    27   210   447    1.74565	  0.3354     31.15644       0.68471       1.11444     new population
    27   211   448    1.74565	  0.5530      0.66594       0.50460       0.75423     new population
    27   211   449    1.74565	  0.3332     37.90466       0.70107       1.14717     new population
    28   211   450    1.77314	  2.5926    199.74405      -1.04493      -0.59361     new population
    28   212   451    1.77314	  1.4485      1.21711       0.04902      -0.09266     new population
    28   212   452    1.77314	  2.5590    211.82660      -0.84612      -0.77213     new population
    28   213   453    1.77314	  1.5132      3.93967       0.29388      -0.33840     new population
    28   214   454    1.77314	  0.5072      1.66963       0.53096       0.80695     new population
    28   214   455    1.77314	  1.9165     22.62967      -0.25460      -0.44877     new population
    28   214   456    1.77314	  2.1277     60.14752      -0.48597      -0.52278     new population
    28   215   457    1.77314	  1.8902      9.80062       0.23063      -0.72655     new population
    28   215   458    1.77314	  2.3753    177.31969      -0.07486      -1.11817     new population
    28   216   459    1.77314	  2.1357     61.95275      -0.48974      -0.53032     new population
    28   217   460    1.77314	  1.8837     30.67319      -0.51782      -0.11553     new population
    28   217   461    1.77314	  2.2036     79.07057      -0.52154      -0.59392     new population
    28   217   462    1.77314	  2.5531    208.51796      -0.84331      -0.76651     new population
    28   218   463    1.77314	  2.2688     98.97121      -0.55203      -0.65490     new population
    28   219   464    1.77314	  1.8759     30.06461      -0.51393      -0.10775     new population
    28   219   465    1.77314	  2.1339     61.53452      -0.48887      -0.52859     new population
    29   219   466    1.57589	  2.5926    199.74405      -1.04493      -0.59361     new population
    29   220   467    1.57589	  1.4929      1.11579       0.02854      -0.13362     new population
    29   220   468    1.57589	  2.5591    211.84596      -0.84614      -0.77217     new population
    29   221   469    1.57589	  1.4181      8.05320       0.33646      -0.25323     new population
    29   222   470    1.57589	  0.5089      1.61689       0.52995       0.80492     new population
    29   222   471    1.57589	  1.9206     23.12685      -0.25651      -0.45259     new population
    29   222   472    1.57589	  2.2629     97.01653      -0.54927      -0.64938     new population
    29   223   473    1.57589	  1.8865      9.41931       0.23227      -0.72326     new population
    29   223   474    1.57589	  2.3753    177.31969      -0.07486      -1.11817     new population
    29   224   475    1.57589	  0.5073      1.66843       0.53094       0.80691     new population
    29   225   476    1.57589	  1.4487      1.21649       0.04895      -0.09280     new population
    29   225   477    1.57589	  0.5072      1.67086       0.53099       0.80700     new population
    29   226   478    1.57589	  1.4486      1.21691       0.04900      -0.09270     new population
    29   226   479    1.57589	  0.5076      1.65799       0.53074       0.80651     new population
    29   227   480    1.57589	  1.4486      1.21675       0.04898      -0.09274     new population
    29   227   481    1.57589	  0.5073      1.66843       0.53094       0.80691     new population
    30   227   482    1.57591	  2.5926    199.74405      -1.04493      -0.59361     new population
    30   228   483    1.57591	  1.4926      1.11590       0.02868      -0.13335     new population
    30   228   484    1.57591	  2.5591    211.84596      -0.84614      -0.77217     new population
    30   229   485    1.57591	  1.4154      8.18105       0.33764      -0.25086     new population
    30   230   486    1.57591	  0.5216      1.26717       0.52251       0.79005     new population
    30   230   487    1.57591	  1.4340      1.27064      -0.02939       0.00164     new population
    30   230   488    1.57591	  2.2629     97.01653      -0.54927      -0.64938     new population
    30   231   489    1.57591	  1.8868      9.44552       0.23216      -0.72349     new population
    30   231   490    1.57591	  2.3487    160.63270      -0.06299      -1.09443     new population
    30   232   491    1.57591	  1.9220     23.29816      -0.25716      -0.45389     new population
    30   233   492    1.57591	  0.5093      1.60488       0.52971       0.80445     new population
    30   233   493    1.57591	  1.9937     33.38030      -0.29021      -0.51999     new population
    30   234   494    1.57591	  0.9571      3.80700       0.30072       0.34646     new population
    30   234   495    1.57591	  1.9205     23.11408      -0.25646      -0.45250     new population
    30   235   496    1.57591	  0.5498      0.71206       0.50640       0.75783     new population
    30   235   497    1.57591	  1.8920     19.85005      -0.24327      -0.42612     new population
    31   235   498    1.57464	  2.5926    199.74405      -1.04493      -0.59361     new population
    31   236   499    1.57464	  1.6655      3.16523      -0.05074      -0.29218     new population
    31   236   500    1.57464	  2.7811    371.06127      -0.95100      -0.98189     new population
    31   237   501    1.57464	  1.4158      8.16267       0.33747      -0.25120     new population
    31   238   502    1.57464	  0.5216      1.26815       0.52254       0.79010     new population
    31   238   503    1.57464	  1.4786      1.51029      -0.05046      -0.04050     new population
    31   238   504    1.57464	  2.2989    109.40673      -0.56605      -0.68295     new population
    31   239   505    1.57464	  1.8764      8.42075       0.23679      -0.71423     new population
    31   239   506    1.57464	  2.3452    158.47961      -0.06140      -1.09125     new population
    31   239   507    1.57464	  2.5437    203.35403      -0.83884      -0.75757     new population
    31   239   508    1.57464	  2.8607    370.01660      -1.17640      -0.85656     new population
    31   240   509    1.57464	  2.5589    211.77032      -0.84607      -0.77204     new population
    31   241   510    1.57464	  2.5835    195.55416      -1.04046      -0.58467     new population
    31   242   511    1.57464	  1.8758     30.05240      -0.51385      -0.10759     new population
    31   242   512    1.57464	  2.5177    167.44283      -1.00769      -0.51914     new population
    31   242   513    1.57464	  2.5593    211.99483      -0.84626      -0.77242     new population
    32   243   514    1.56746	  2.5926    199.74405      -1.04493      -0.59361     new population
    32   244   515    1.56746	  1.6688      3.26235      -0.05229      -0.29528     new population
    32   244   516    1.56746	  2.8007    388.90508      -0.96025      -1.00039     new population
    32   245   517    1.56746	  1.7039      1.16478       0.20861      -0.50892     new population
    32   246   518    1.56746	  0.5309      1.05288       0.51715       0.77933     new population
    32   246   519    1.56746	  1.4777      1.50452      -0.05007      -0.03971     new population
    32   246   520    1.56746	  2.3703    137.73063      -0.59931      -0.74946     new population
    32   247   521    1.56746	  1.8764      8.41587       0.23681      -0.71418     new population
    32   247   522    1.56746	  2.3512    162.11604      -0.06408      -1.09661     new population
    32   248   523    1.56746	  1.4158      8.16267       0.33747      -0.25120     new population
    32   248   524    1.56746	  2.5926    199.74405      -1.04493      -0.59361     new population
    32   249   525    1.56746	  1.5137      3.92119       0.29365      -0.33885     new population
    32   249   526    1.56746	  2.5926    199.74405      -1.04493      -0.59361     new population
    32   250   527    1.56746	  1.3989      8.98829       0.34502      -0.23610     new population
    32   250   528    1.56746	  2.5926    199.74405      -1.04493      -0.59361     new population
    32   251   529    1.56746	  1.4158      8.16267       0.33747      -0.25120     new population
    33   251   530    1.56208	  2.5926    199.74405      -1.04493      -0.59361     new population
    33   252   531    1.56208	  1.6688      3.26235      -0.05229      -0.29528     new population
    33   252   532    1.56208	  2.8007    388.86007      -0.96022      -1.00034     new population
    33   253   533    1.56208	  1.7039      1.16478       0.20861      -0.50892     new population
    33   253   534    1.56208	  0.3338     42.39961       0.71087       1.16677     new population
    33   254   535    1.56208	  1.4808      1.52628      -0.05154      -0.04265     new population
    33   254   536    1.56208	  2.3001    109.86167      -0.56664      -0.68412     new population
    33   255   537    1.56208	  1.7861      2.38962       0.27724      -0.63332     new population
    33   255   538    1.56208	  2.1488     67.32742       0.02642      -0.91561     new population
    33   255   539    1.56208	  2.3342    122.76441      -0.58251      -0.71585     new population
    33   256   540    1.56208	  1.7065      1.20515       0.20743      -0.51129     new population
    33   256   541    1.56208	  2.3691    137.18481      -0.59872      -0.74828     new population
    33   257   542    1.56208	  1.7047      1.17683       0.20825      -0.50964     new population
    33   257   543    1.56208	  2.3652    135.53721      -0.59694      -0.74472     new population
    33   258   544    1.56208	  1.7039      1.16478       0.20861      -0.50892     new population
    33   258   545    1.56208	  2.3722    138.53878      -0.60017      -0.75119     new population
    34   258   546    1.76038	  2.5926    199.74405      -1.04493      -0.59361     new population
    34   259   547    1.76038	  1.6682      3.24303      -0.05198      -0.29467     new population
    34   259   548    1.76038	  2.8007    388.90508      -0.96025      -1.00039     new population
    34   260   549    1.76038	  1.7065      1.20515       0.20743      -0.51129     new population
    34   260   550    1.76038	  0.3338     42.62004       0.71133       1.16769     new population
    34   261   551    1.76038	  1.4808      1.52628      -0.05154      -0.04265     new population
    34   261   552    1.76038	  2.3001    109.86110      -0.56664      -0.68412     new population
    34   262   553    1.76038	  1.7861      2.39168       0.27722      -0.63336     new population
    34   262   554    1.76038	  2.1514     68.19965       0.02528      -0.91789     new population
    34   262   555    1.76038	  2.6253    251.90545      -0.87753      -0.83495     new population
    34   263   556    1.76038	  1.6896      0.99340       0.21499      -0.49617     new population
    34   263   557    1.76038	  2.8007    388.90508      -0.96025      -1.00039     new population
    34   264   558    1.76038	  1.8844     11.45195       0.12786      -0.67042     new population
    34   264   559    1.76038	  2.6916    298.07262      -0.90886      -0.89762     new population
    34   265   560    1.76038	  1.7030      1.15268       0.20898      -0.50818     new population
    34   265   561    1.76038	  2.8007    388.87292      -0.96023      -1.00036     new population
    35   266   562    1.76130	  2.5926    199.74405      -1.04493      -0.59361     new population
    35   267   563    1.76130	  1.6682      3.24303      -0.05198      -0.29467     new population
    35   267   564    1.76130	  2.8476    434.19815      -0.98225      -1.04440     new population
    35   268   565    1.76130	  1.7060      1.19729       0.20765      -0.51084     new population
    35   268   566    1.76130	  0.3338     42.59787       0.71129       1.16760     new population
    35   269   567    1.76130	  1.4344      1.27236      -0.02960       0.00123     new population
    35   269   568    1.76130	  2.2106     81.04686      -0.52483      -0.60051     new population
    35   270   569    1.76130	  1.8777      8.53887       0.23624      -0.71533     new population
    35   270   570    1.76130	  2.1524     68.53807       0.02484      -0.91877     new population
    35   270   571    1.76130	  2.7114    313.16363      -0.91822      -0.91634     new population
    35   271   572    1.76130	  2.2081     88.58193       0.08834      -1.01113     new population
    35   271   573    1.76130	  2.8007    388.90508      -0.96025      -1.00039     new population
    35   272   574    1.76130	  1.7965      2.83712       0.27259      -0.64263     new population
    35   272   575    1.76130	  2.7950    383.59350      -0.95753      -0.99496     new population
    35   273   576    1.76130	  1.7437      1.15306       0.29621      -0.59539     new population
    35   273   577    1.76130	  2.8011    389.25646      -0.96043      -1.00075     new population
    36   274   578    1.76121	  2.5926    199.74405      -1.04493      -0.59361     new population
    36   275   579    1.76121	  1.6682      3.24303      -0.05198      -0.29467     new population
    36   275   580    1.76121	  2.8498    436.41426      -0.98328      -1.04646     new population
    36   276   581    1.76121	  1.4153      8.18695       0.33770      -0.25075     new population
    36   276   582    1.76121	  0.3338     42.59787       0.71129       1.16760     new population
    36   277   583    1.76121	  1.4343      1.27186      -0.02954       0.00135     new population
    36   277   584    1.76121	  2.2106     81.03299      -0.52481      -0.60046     new population
    36   278   585    1.76121	  1.8777      8.53887       0.23624      -0.71533     new population
    36   278   586    1.76121	  2.1524     68.54402       0.02483      -0.91879     new population
    36   279   587    1.76121	  1.6984      1.08954       0.21107      -0.50400     new population
    36   279   588    1.76121	  2.6093    207.74134      -1.05320      -0.61015     new population
    36   280   589    1.76121	  1.8210      5.89347       0.15624      -0.61368     new population
    36   280   590    1.76121	  2.5931    199.99647      -1.04519      -0.59414     new population
    36   281   591    1.76121	  1.7054      1.18810       0.20792      -0.51031     new population
    36   281   592    1.76121	  2.5932    200.04827      -1.04525      -0.59425     new population
    36   282   593    1.76121	  1.6932      1.02975       0.21337      -0.49941     new population
    37   282   594    1.76121	  2.5926    199.74405      -1.04493      -0.59361     new population
    37   283   595    1.76121	  1.6685      3.25288      -0.05214      -0.29498     new population
    37   283   596    1.76121	  2.0673     51.49531      -0.60904      -0.29797     new population
    37   284   597    1.76121	  1.4031      8.78130       0.34315      -0.23985     new population
    37   284   598    1.76121	  0.3348     32.11580       0.68718       1.11938     new population
    37   285   599    1.76121	  1.4343      1.27186      -0.02954       0.00135     new population
    37   285   600    1.76121	  2.2806    102.94983      -0.55751      -0.66586     new population
    37   286   601    1.76121	  1.8355      5.06490       0.25513      -0.67754     new population
    37   287   602    1.76121	  1.5337      3.54344       0.30152      -0.36540     new population
    37   287   603    1.76121	  2.2096     89.19111       0.08769      -1.01242     new population
    37   287   604    1.76121	  2.5187    167.83971      -1.00819      -0.52014     new population
    37   288   605    1.76121	  1.8777      8.53629       0.23625      -0.71531     new population
    37   288   606    1.76121	  2.5928    199.84798      -1.04504      -0.59383     new population
    37   289   607    1.76121	  1.8762      8.40125       0.23688      -0.71404     new population
    37   289   608    1.76121	  2.8609    370.22159      -1.17652      -0.85680     new population
    37   290   609    1.76121	  1.8787      8.63829       0.23578      -0.71625     new population
    38   290   610    1.73210	  2.5926    199.74405      -1.04493      -0.59361     new population
    38   291   611    1.73210	  1.6623      3.07768      -0.04930      -0.28931     new population
    38   291   612    1.73210	  2.0653     51.18505      -0.60803      -0.29596     new population
    38   292   613    1.73210	  1.4031      8.78130       0.34315      -0.23985     new population
    38   292   614    1.73210	  0.3348     32.19414       0.68737       1.11977     new population
    38   293   615    1.73210	  1.4343      1.27186      -0.02954       0.00135     new population
    38   293   616    1.73210	  2.2806    102.94983      -0.55751      -0.66586     new population
    38   294   617    1.73210	  1.7802      2.16107       0.27989      -0.62802     new population
    38   294   618    1.73210	  1.5336      3.54529       0.30154      -0.36536     new population
    38   294   619    1.73210	  2.6113    208.74124      -1.05421      -0.61218     new population
    38   295   620    1.73210	  1.3875      9.55426       0.35011      -0.22593     new population
    38   295   621    1.73210	  2.5929    199.89901      -1.04509      -0.59394     new population
    38   296   622    1.73210	  1.3862      9.61999       0.35070      -0.22476     new population
    38   296   623    1.73210	  2.5926    199.74405      -1.04493      -0.59361     new population
    38   297   624    1.73210	  1.4031      8.78130       0.34315      -0.23985     new population
    38   297   625    1.73210	  2.5334    173.77647      -1.01555      -0.53485     new population
    39   297   626    1.73230	  2.5926    199.74405      -1.04493      -0.59361     new population
    39   298   627    1.73230	  1.6815      3.65154      -0.05809      -0.30688     new population
    39   298   628    1.73230	  2.0652     51.18002      -0.60802      -0.29593     new population
    39   299   629    1.73230	  1.9662     22.52256       0.09127      -0.74362     new population
    39   299   630    1.73230	  0.3348     32.20337       0.68740       1.11982     new population
    39   300   631    1.73230	  1.5101      1.77243      -0.06536      -0.07030     new population
    39   300   632    1.73230	  2.2806    102.94983      -0.55751      -0.66586     new population
    39   301   633    1.73230	  1.7891      2.51225       0.27591      -0.63599     new population
    39   301   634    1.73230	  1.5338      3.53970       0.30148      -0.36549     new population
    39   301   635    1.73230	  0.3358     30.58077       0.68320       1.11143     new population
    39   301   636    1.73230	  2.5841    195.82867      -1.04076      -0.58527     new population
    39   302   637    1.73230	  0.3332     37.29629       0.69968       1.14439     new population
    39   302   638    1.73230	  2.5874    197.32163      -1.04236      -0.58847     new population
    39   303   639    1.73230	  0.3359     30.53915       0.68309       1.11121     new population
    39   303   640    1.73230	  2.5851    196.25815      -1.04122      -0.58619     new population
    39   304   641    1.73230	  0.3343     33.12363       0.68971       1.12445     new population
    40   304   642    1.74461	  2.5926    199.74405      -1.04493      -0.59361     new population
    40   305   643    1.74461	  1.6378      2.47237      -0.03807      -0.26685     new population
    40   305   644    1.74461	  2.0652     51.18002      -0.60802      -0.29593     new population
    40   306   645    1.74461	  1.8938     12.49341       0.12363      -0.67888     new population
    40   307   646    1.74461	  0.5592      0.58534       0.50113       0.74729     new population
    40   307   647    1.74461	  1.5120      1.79091      -0.06625      -0.07207     new population
    40   307   648    1.74461	  2.2806    102.94983      -0.55751      -0.66586     new population
    40   308   649    1.74461	  1.7787      2.10659       0.28056      -0.62668     new population
    40   309   650    1.74461	  1.7336      1.62517       0.21212      -0.54421     new population
    40   309   651    1.74461	  2.2445     91.14754      -0.54070      -0.63224     new population
    40   309   652    1.74461	  2.2805    102.93296      -0.55749      -0.66582     new population
    40   310   653    1.74461	  2.1452     64.15521      -0.49421      -0.53927     new population
    40   310   654    1.74461	  2.2806    102.94983      -0.55751      -0.66586     new population
    40   310   655    1.74461	  2.2806    102.94983      -0.55751      -0.66586     new population
    40   310   656    1.74461	  2.2806    102.94983      -0.55751      -0.66586     new population
    40   311   657    1.74461	  2.1280     60.22335      -0.48613      -0.52310     new population
    41   311   658    1.54606	  2.5926    199.74405      -1.04493      -0.59361     new population
    41   312   659    1.54606	  1.6378      2.47127      -0.03805      -0.26680     new population
    41   312   660    1.54606	  2.1319     62.40083      -0.64069      -0.36128     new population
    41   313   661    1.54606	  1.9493     19.83357       0.09884      -0.72847     new population
    41   314   662    1.54606	  0.5595      0.58230       0.50099       0.74701     new population
    41   314   663    1.54606	  1.4361      1.27926      -0.03040      -0.00038     new population
    41   314   664    1.54606	  2.2827    103.69101      -0.55851      -0.66787     new population
    41   315   665    1.54606	  1.7789      2.11587       0.28045      -0.62691     new population
    41   316   666    1.54606	  1.7336      1.62517       0.21212      -0.54421     new population
    41   316   667    1.54606	  1.6412      2.54781      -0.03962      -0.26994     new population
    41   317   668    1.54606	  1.6378      2.47127      -0.03805      -0.26680     new population
    41   317   669    1.54606	  1.6378      2.47237      -0.03807      -0.26685     new population
    41   317   670    1.54606	  1.6378      2.47237      -0.03807      -0.26685     new population
    41   318   671    1.54606	  1.6124      1.98166      -0.02641      -0.24353     new population
    41   318   672    1.54606	  1.6378      2.47237      -0.03807      -0.26685     new population
    41   318   673    1.54606	  1.6378      2.47237      -0.03807      -0.26685     new population
    42   318   674    1.54592	  2.5926    199.74405      -1.04493      -0.59361     new population
    42   319   675    1.54592	  1.6378      2.47237      -0.03807      -0.26685     new population
    42   319   676    1.54592	  2.1319     62.39891      -0.64069      -0.36127     new population
    42   320   677    1.54592	  1.9493     19.84137       0.09881      -0.72852     new population
    42   321   678    1.54592	  0.5595      0.58230       0.50099       0.74701     new population
    42   321   679    1.54592	  1.0494      0.78712       0.15719       0.37480     new population
    42   321   680    1.54592	  2.2827    103.69101      -0.55851      -0.66787     new population
    42   322   681    1.54592	  1.7789      2.11439       0.28046      -0.62688     new population
    42   322   682    1.54592	  1.5375      3.40716       0.29981      -0.36882     new population
    42   322   683    1.54592	  2.5926    199.74405      -1.04493      -0.59361     new population
    42   323   684    1.54592	  1.4087      1.18638      -0.01740       0.02563     new population
    42   323   685    1.54592	  2.8696    377.38187      -1.18071      -0.86517     new population
    42   324   686    1.54592	  1.0498      0.78792       0.15697       0.37437     new population
    42   324   687    1.54592	  2.6113    208.74124      -1.05421      -0.61218     new population
    42   325   688    1.54592	  1.4374      1.28432      -0.03098      -0.00154     new population
    42   325   689    1.54592	  2.8887    393.71757      -1.18999      -0.88374     new population
    43   326   690    1.54592	  2.5926    199.74405      -1.04493      -0.59361     new population
    43   327   691    1.54592	  1.6378      2.47237      -0.03807      -0.26685     new population
    43   327   692    1.54592	  2.1319     62.39891      -0.64069      -0.36127     new population
    43   328   693    1.54592	  1.6612      0.87055       0.22770      -0.47075     new population
    43   329   694    1.54592	  0.6075      0.29348       0.47483       0.69469     new population
    43   329   695    1.54592	  1.0494      0.78712       0.15719       0.37480     new population
    43   329   696    1.54592	  2.2467     91.82520      -0.54171      -0.63427     new population
    43   330   697    1.54592	  1.7789      2.11439       0.28046      -0.62688     new population
    43   330   698    1.54592	  1.5376      3.40535       0.29979      -0.36886     new population
    43   330   699    1.54592	  2.5378    175.60019      -1.01775      -0.53926     new population
    43   331   700    1.54592	  2.1319     62.39891      -0.64069      -0.36127     new population
    43   331   701    1.54592	  2.8697    377.46808      -1.18076      -0.86527     new population
    43   332   702    1.54592	  2.0868     54.56568      -0.61863      -0.31716     new population
    43   332   703    1.54592	  2.5926    199.74405      -1.04493      -0.59361     new population
    43   332   704    1.54592	  2.8277    414.46690      -0.97291      -1.02571     new population
    43   333   705    1.54592	  2.6113    208.74124      -1.05421      -0.61218     new population
    44   334   706    1.51976	  2.5926    199.74405      -1.04493      -0.59361     new population
    44   335   707    1.51976	  1.6373      2.46017      -0.03782      -0.26634     new population
    44   335   708    1.51976	  2.0036     42.74180      -0.57764      -0.23517     new population
    44   336   709    1.51976	  1.6621      0.87020       0.22731      -0.47152     new population
    44   336   710    1.51976	  0.9828      3.97879       0.28850       0.32202     new population
    44   337   711    1.51976	  1.1215      0.91956       0.12135       0.30312     new population
    44   337   712    1.51976	  2.2446     91.15394      -0.54071      -0.63226     new population
    44   338   713    1.51976	  2.0220     30.45329       0.17162      -0.84457     new population
    44   339   714    1.51976	  1.5577      2.73555       0.29080      -0.38685     new population
    44   339   715    1.51976	  2.2467     91.83567      -0.54173      -0.63430     new population
    44   339   716    1.51976	  2.5935    200.20918      -1.04542      -0.59459     new population
    44   340   717    1.51976	  2.0799     50.28393      -0.46351      -0.47787     new population
    44   340   718    1.51976	  2.4267    135.26943      -0.96211      -0.42797     new population
    44   341   719    1.51976	  2.2467     91.83567      -0.54173      -0.63430     new population
    44   341   720    1.51976	  2.5927    199.80361      -1.04499      -0.59374     new population
    44   342   721    1.51976	  2.1731     70.95531      -0.50726      -0.56537     new population
    45   342   722    1.33573	  2.5926    199.74405      -1.04493      -0.59361     new population
    45   343   723    1.33573	  1.6373      2.46017      -0.03782      -0.26634     new population
    45   343   724    1.33573	  1.9959     41.79818      -0.57381      -0.22751     new population
    45   344   725    1.33573	  1.6621      0.87020       0.22731      -0.47152     new population
    45   344   726    1.33573	  0.9828      3.97879       0.28850       0.32202     new population
    45   345   727    1.33573	  1.1215      0.91966       0.12132       0.30306     new population
    45   345   728    1.33573	  2.2486     92.43055      -0.54261      -0.63606     new population
    45   346   729    1.33573	  2.0649     40.48525       0.15245      -0.88291     new population
    45   347   730    1.33573	  1.5577      2.73555       0.29080      -0.38685     new population
    45   348   731    1.33573	  1.6167      2.05569      -0.02839      -0.24749     new population
    45   348   732    1.33573	  2.0036     42.74180      -0.57764      -0.23517     new population
    45   349   733    1.33573	  1.6819      3.66304      -0.05825      -0.30721     new population
    45   349   734    1.33573	  2.0036     42.74180      -0.57764      -0.23517     new population
    45   350   735    1.33573	  1.4008      1.47270       0.07109      -0.04853     new population
    45   350   736    1.33573	  2.0039     42.77014      -0.57775      -0.23540     new population
    45   351   737    1.33573	  1.6379      2.47473      -0.03812      -0.26694     new population
    46   351   738    1.33573	  2.5926    199.74405      -1.04493      -0.59361     new population
    46   352   739    1.33573	  1.6399      2.51808      -0.03902      -0.26874     new population
    46   352   740    1.33573	  1.8700     29.61369      -0.51097      -0.10183     new population
    46   353   741    1.33573	  1.6621      0.87020       0.22731      -0.47152     new population
    46   353   742    1.33573	  1.0183      4.14782       0.27164       0.28830     new population
    46   354   743    1.33573	  1.1213      0.91923       0.12144       0.30331     new population
    46   354   744    1.33573	  2.2806    102.94983      -0.55751      -0.66586     new population
    46   355   745    1.33573	  2.0649     40.48525       0.15245      -0.88291     new population
    46   356   746    1.33573	  1.5459      3.11590       0.29604      -0.37637     new population
    46   356   747    1.33573	  2.5835    195.55390      -1.04046      -0.58467     new population
    46   357   748    1.33573	  1.6373      2.46017      -0.03782      -0.26634     new population
    46   357   749    1.33573	  2.5929    199.91921      -1.04511      -0.59398     new population
    46   358   750    1.33573	  1.6138      2.00525      -0.02706      -0.24481     new population
    46   358   751    1.33573	  2.4083    129.60017      -0.95283      -0.40941     new population
    46   359   752    1.33573	  1.4008      1.47270       0.07109      -0.04853     new population
    46   359   753    1.33573	  2.6118    208.97198      -1.05444      -0.61264     new population
    47   360   754    1.34097	  2.5926    199.74405      -1.04493      -0.59361     new population
    47   361   755    1.34097	  1.6198      2.11083      -0.02980      -0.25031     new population
    47   361   756    1.34097	  1.8700     29.61369      -0.51097      -0.10183     new population
    47   362   757    1.34097	  1.6618      0.87026       0.22741      -0.47133     new population
    47   362   758    1.34097	  1.0193      4.15130       0.27117       0.28737     new population
    47   363   759    1.34097	  1.0474      0.78352       0.15817       0.37677     new population
    47   363   760    1.34097	  2.2824    103.58244      -0.55837      -0.66758     new population
    47   364   761    1.34097	  2.0649     40.48525       0.15245      -0.88291     new population
    47   365   762    1.34097	  1.5486      3.02885       0.29487      -0.37870     new population
    47   366   763    1.34097	  1.6618      0.87027       0.22742      -0.47130     new population
    47   366   764    1.34097	  1.6379      2.47470      -0.03812      -0.26694     new population
    47   367   765    1.34097	  1.5669      2.22839       0.26990      -0.38635     new population
    47   367   766    1.34097	  1.8829     16.88804      -0.15007      -0.49084     new population
    47   368   767    1.34097	  1.6621      0.87020       0.22731      -0.47152     new population
    47   368   768    1.34097	  1.6842      3.73935      -0.05932      -0.30934     new population
    47   369   769    1.34097	  1.6789      0.91404       0.21976      -0.48662     new population
    48   369   770    1.33980	  2.5926    199.74405      -1.04493      -0.59361     new population
    48   370   771    1.33980	  1.6198      2.11083      -0.02980      -0.25031     new population
    48   370   772    1.33980	  1.9959     41.79818      -0.57381      -0.22751     new population
    48   371   773    1.33980	  1.6618      0.87026       0.22741      -0.47133     new population
    48   371   774    1.33980	  1.0033      4.08624       0.27877       0.30257     new population
    48   372   775    1.33980	  1.0475      0.78359       0.15815       0.37673     new population
    48   372   776    1.33980	  2.3722    138.53878      -0.60017      -0.75119     new population
    48   373   777    1.33980	  2.0649     40.48525       0.15245      -0.88291     new population
    48   374   778    1.33980	  1.7445      1.92420       0.20722      -0.55400     new population
    48   375   779    1.33980	  1.4062      1.17961      -0.01620       0.02802     new population
    48   376   780    1.33980	  1.6965      1.06701       0.21190      -0.50236     new population
    48   377   781    1.33980	  1.0474      0.78352       0.15817       0.37677     new population
    48   377   782    1.33980	  1.6619      0.87025       0.22740      -0.47136     new population
    48   378   783    1.33980	  1.0474      0.78352       0.15817       0.37677     new population
    48   378   784    1.33980	  1.6620      0.87020       0.22732      -0.47151     new population
    48   379   785    1.33980	  1.0478      0.78418       0.15799       0.37641     new population
    49   379   786    1.32370	  2.5926    199.74405      -1.04493      -0.59361     new population
    49   380   787    1.32370	  1.6198      2.11083      -0.02980      -0.25031     new population
    49   380   788    1.32370	  1.9814     40.09437      -0.56660      -0.21310     new population
    49   381   789    1.32370	  1.6838      0.94543       0.21757      -0.49101     new population
    49   381   790    1.32370	  0.9897      4.01774       0.28524       0.31551     new population
    49   382   791    1.32370	  1.1195      0.91631       0.12231       0.30505     new population
    49   382   792    1.32370	  2.2824    103.58244      -0.55837      -0.66758     new population
    49   383   793    1.32370	  2.1234     57.26571       0.12625      -0.93531     new population
    49   384   794    1.32370	  1.7557      2.28574       0.20221      -0.56402     new population
    49   385   795    1.32370	  1.4492      1.21445       0.04871      -0.09328     new population
    49   385   796    1.32370	  1.6198      2.11083      -0.02980      -0.25031     new population
    49   385   797    1.32370	  1.6198      2.11083      -0.02980      -0.25031     new population
    49   385   798    1.32370	  1.6198      2.11083      -0.02980      -0.25031     new population
    49   385   799    1.32370	  1.6198      2.11083      -0.02980      -0.25031     new population
    49   386   800    1.32370	  1.6195      2.10466      -0.02965      -0.25000     new population
    49   386   801    1.32370	  1.6443      2.61865      -0.04103      -0.27276     new population
    50   386   802    1.33017	  2.5926    199.74405      -1.04493      -0.59361     new population
    50   387   803    1.33017	  1.6198      2.11083      -0.02980      -0.25031     new population
    50   387   804    1.33017	  1.9817     40.12823      -0.56675      -0.21339     new population
    50   388   805    1.33017	  1.6843      0.94913       0.21734      -0.49146     new population
    50   388   806    1.33017	  1.0040      4.08929       0.27846       0.30194     new population
    50   389   807    1.33017	  1.1199      0.91692       0.12213       0.30468     new population
    50   389   808    1.33017	  2.2824    103.58244      -0.55837      -0.66758     new population
    50   390   809    1.33017	  2.1259     58.05550       0.12514      -0.93752     new population
    50   390   810    1.33017	  2.3817    181.49952      -0.07771      -1.12387     new population
    50   390   811    1.33017	  2.6113    208.74124      -1.05421      -0.61218     new population
    50   391   812    1.33017	  1.6237      2.18246      -0.03157      -0.25385     new population
    50   391   813    1.33017	  2.5840    195.77175      -1.04069      -0.58514     new population
    50   392   814    1.33017	  1.6205      2.12296      -0.03011      -0.25092     new population
    50   392   815    1.33017	  2.5836    195.60024      -1.04051      -0.58477     new population
    50   393   816    1.33017	  1.6197      2.10887      -0.02976      -0.25022     new population
    50   393   817    1.33017	  2.4087    129.71025      -0.95301      -0.40978     new population
    51   393   818    1.32338	  2.5926    199.74405      -1.04493      -0.59361     new population
    51   394   819    1.32338	  1.8624     14.79576      -0.14072      -0.47215     new population
    51   394   820    1.32338	  1.9819     40.14915      -0.56684      -0.21358     new population
    51   395   821    1.32338	  1.6965      1.06701       0.21190      -0.50236     new population
    51   395   822    1.32338	  0.9347      3.62432       0.31146       0.36794     new population
    51   396   823    1.32338	  1.0478      0.78418       0.15799       0.37641     new population
    51   396   824    1.32338	  2.2823    103.56548      -0.55834      -0.66753     new population
    51   397   825    1.32338	  2.1259     58.06856       0.12513      -0.93755     new population
    51   397   826    1.32338	  2.3861    184.47967      -0.07972      -1.12788     new population
    51   397   827    1.32338	  2.6081    207.20117      -1.05265      -0.60906     new population
    51   398   828    1.32338	  1.1199      0.91692       0.12213       0.30468     new population
    51   398   829    1.32338	  2.5926    199.74405      -1.04493      -0.59361     new population
    51   399   830    1.32338	  1.0478      0.78425       0.15797       0.37637     new population
    51   399   831    1.32338	  2.5920    199.50029      -1.04467      -0.59310     new population
    51   400   832    1.32338	  1.1199      0.91692       0.12213       0.30468     new population
    51   400   833    1.32338	  2.5920    199.47862      -1.04465      -0.59305     new population
    52   400   834    1.35639	  2.5926    199.74405      -1.04493      -0.59361     new population
    52   401   835    1.35639	  1.4492      1.21445       0.04871      -0.09328     new population
    52   401   836    1.35639	  1.9819     40.15444      -0.56686      -0.21362     new population
    52   402   837    1.35639	  1.6972      1.07543       0.21158      -0.50298     new population
    52   402   838    1.35639	  0.9347      3.62475       0.31144       0.36790     new population
    52   403   839    1.35639	  1.5189      1.86113      -0.06947      -0.07851     new population
    52   403   840    1.35639	  2.2770    101.73511      -0.55586      -0.66255     new population
    52   404   841    1.35639	  2.1225     56.97456       0.12666      -0.93449     new population
    52   404   842    1.35639	  2.3861    184.47967      -0.07972      -1.12788     new population
    52   405   843    1.35639	  1.0478      0.78430       0.15796       0.37635     new population
    52   405   844    1.35639	  1.8666     15.20710      -0.14263      -0.47597     new population
    52   406   845    1.35639	  1.0478      0.78430       0.15796       0.37635     new population
    52   406   846    1.35639	  1.8620     14.75608      -0.14053      -0.47177     new population
    52   407   847    1.35639	  1.0478      0.78422       0.15798       0.37639     new population
    52   407   848    1.35639	  1.6238      2.18498      -0.03163      -0.25397     new population
    52   408   849    1.35639	  1.0892      0.86230       0.13730       0.33503     new population
    53   408   850    1.35636	  2.5926    199.74405      -1.04493      -0.59361     new population
    53   409   851    1.35636	  1.4492      1.21445       0.04871      -0.09328     new population
    53   409   852    1.35636	  1.9876     40.81577      -0.56970      -0.21929     new population
    53   410   853    1.35636	  1.7162      1.37719       0.20307      -0.52000     new population
    53   410   854    1.35636	  0.9500      3.75223       0.30412       0.35326     new population
    53   411   855    1.35636	  1.5189      1.86113      -0.06947      -0.07851     new population
    53   411   856    1.35636	  2.2410     90.03843      -0.53903      -0.62890     new population
    53   412   857    1.35636	  2.1259     58.06856       0.12513      -0.93755     new population
    53   413   858    1.35636	  1.7567      2.31866       0.20179      -0.56486     new population
    53   413   859    1.35636	  2.6709    282.96528      -0.89909      -0.87807     new population
    53   414   860    1.35636	  2.0858     54.39002      -0.61810      -0.31610     new population
    53   415   861    1.35636	  1.9837     40.36093      -0.56775      -0.21540     new population
    53   415   862    1.35636	  2.0666     51.39591      -0.60872      -0.29733     new population
    53   416   863    1.35636	  1.9816     40.12172      -0.56672      -0.21334     new population
    53   416   864    1.35636	  1.9839     40.38733      -0.56787      -0.21563     new population
    53   417   865    1.35636	  1.9819     40.15444      -0.56686      -0.21362     new population
    54   417   866    1.34905	  2.5926    199.74405      -1.04493      -0.59361     new population
    54   418   867    1.34905	  1.4492      1.21445       0.04871      -0.09328     new population
    54   418   868    1.34905	  2.0727     52.33245      -0.61172      -0.30333     new population
    54   419   869    1.34905	  1.6210      1.14646       0.24566      -0.43483     new population
    54   419   870    1.34905	  0.5190      1.33318       0.52402       0.79307     new population
    54   420   871    1.34905	  1.0900      0.86375       0.13692       0.33426     new population
    54   420   872    1.34905	  2.2470     91.90926      -0.54184      -0.63452     new population
    54   421   873    1.34905	  2.1259     58.06856       0.12513      -0.93755     new population
    54   422   874    1.34905	  1.7541      2.23008       0.20293      -0.56258     new population
    54   422   875    1.34905	  1.9896     41.05348      -0.57070      -0.22130     new population
    54   423   876    1.34905	  1.0506      0.78934       0.15659       0.37360     new population
    54   423   877    1.34905	  1.9874     40.78902      -0.56958      -0.21906     new population
    54   424   878    1.34905	  1.5176      1.84830      -0.06889      -0.07736     new population
    54   424   879    1.34905	  2.0322     46.43594      -0.59173      -0.26335     new population
    54   425   880    1.34905	  1.5207      1.88062      -0.07032      -0.08022     new population
    54   425   881    1.34905	  1.9955     41.75321      -0.57362      -0.22713     new population
    55   425   882    1.56895	  2.5926    199.74405      -1.04493      -0.59361     new population
    55   426   883    1.56895	  1.4492      1.21445       0.04871      -0.09328     new population
    55   426   884    1.56895	  1.9896     41.05228      -0.57070      -0.22129     new population
    55   427   885    1.56895	  1.6211      1.14540       0.24562      -0.43491     new population
    55   427   886    1.56895	  0.9337      3.61594       0.31192       0.36886     new population
    55   428   887    1.56895	  1.0900      0.86375       0.13692       0.33426     new population
    55   428   888    1.56895	  2.1118     56.71701      -0.47854      -0.50792     new population
    55   428   889    1.56895	  2.1259     58.06856       0.12513      -0.93755     new population
    55   429   890    1.56895	  1.7541      2.23008       0.20293      -0.56258     new population
    55   430   891    1.56895	  1.4492      1.21465       0.04874      -0.09323     new population
    55   430   892    1.56895	  2.0727     52.33245      -0.61172      -0.30333     new population
    55   431   893    1.56895	  1.6905      3.95261      -0.06220      -0.31511     new population
    55   431   894    1.56895	  1.9077     32.68741      -0.52989      -0.13968     new population
    55   432   895    1.56895	  1.6198      2.11083      -0.02980      -0.25031     new population
    55   432   896    1.56895	  2.0727     52.33245      -0.61172      -0.30333     new population
    55   433   897    1.56895	  1.4936      1.11559       0.02825      -0.13420     new population
    56   433   898    1.35684	  2.5926    199.74405      -1.04493      -0.59361     new population
    56   434   899    1.35684	  1.4936      1.11559       0.02825      -0.13420     new population
    56   434   900    1.35684	  1.9896     41.05228      -0.57070      -0.22129     new population
    56   435   901    1.35684	  1.6210      1.14646       0.24566      -0.43483     new population
    56   436   902    1.35684	  0.5947      0.31980       0.48168       0.70838     new population
    56   436   903    1.35684	  1.0901      0.86389       0.13688       0.33419     new population
    56   436   904    1.35684	  2.2026     78.79390      -0.52107      -0.59299     new population
    56   437   905    1.35684	  2.1363     61.46558       0.12049      -0.94683     new population
    56   438   906    1.35684	  1.7340      1.63510       0.21194      -0.54456     new population
    56   439   907    1.35684	  0.5647      0.52330       0.49808       0.74119     new population
    56   439   908    1.35684	  2.5925    199.71665      -1.04490      -0.59355     new population
    56   440   909    1.35684	  0.5645      0.52510       0.49818       0.74138     new population
    56   440   910    1.35684	  2.6080    207.10976      -1.05256      -0.60887     new population
    56   441   911    1.35684	  0.9337      3.61551       0.31194       0.36890     new population
    56   441   912    1.35684	  2.8855    390.97945      -1.18846      -0.88067     new population
    56   442   913    1.35684	  0.9345      3.62260       0.31155       0.36813     new population
    57   442   914    1.54311	  2.5926    199.74405      -1.04493      -0.59361     new population
    57   443   915    1.54311	  1.9068     19.59490      -0.16098      -0.51266     new population
    57   443   916    1.54311	  1.9896     41.05228      -0.57070      -0.22129     new population
    57   444   917    1.54311	  1.6035      1.41526       0.25352      -0.41911     new population
    57   445   918    1.54311	  0.5947      0.31980       0.48168       0.70838     new population
    57   445   919    1.54311	  1.0901      0.86389       0.13688       0.33419     new population
    57   445   920    1.54311	  2.2372     88.89405      -0.53729      -0.62542     new population
    57   446   921    1.54311	  2.0938     48.31532       0.13950      -0.90881     new population
    57   447   922    1.54311	  1.7340      1.63510       0.21194      -0.54456     new population
    57   448   923    1.54311	  0.6077      0.29329       0.47471       0.69444     new population
    57   448   924    1.54311	  1.9896     41.05228      -0.57070      -0.22129     new population
    57   449   925    1.54311	  0.5947      0.31980       0.48168       0.70838     new population
    57   449   926    1.54311	  2.0688     51.72507      -0.60978      -0.29945     new population
    57   450   927    1.54311	  0.3338     42.35205       0.71077       1.16657     new population
    57   451   928    1.54311	  1.8821     30.55151      -0.51705      -0.11400     new population
    57   452   929    1.54311	  0.6256      0.30729       0.46520       0.67542     new population
    58   452   930    1.76018	  2.5926    199.74405      -1.04493      -0.59361     new population
    58   453   931    1.76018	  1.8620     14.75801      -0.14054      -0.47179     new population
    58   453   932    1.76018	  1.7974     24.86726      -0.47419      -0.02828     new population
    58   454   933    1.76018	  1.6995      1.10407       0.21057      -0.50501     new population
    58   454   934    1.76018	  0.9683      3.88677       0.29539       0.33581     new population
    58   455   935    1.76018	  1.0901      0.86389       0.13688       0.33419     new population
    58   455   936    1.76018	  2.2388     89.37264      -0.53802      -0.62688     new population
    58   456   937    1.76018	  2.0820     45.01850       0.14477      -0.89826     new population
    58   457   938    1.76018	  1.7340      1.63510       0.21194      -0.54456     new population
    58   458   939    1.76018	  1.0901      0.86389       0.13688       0.33419     new population
    58   458   940    1.76018	  1.9040     19.25334      -0.15967      -0.51004     new population
    58   459   941    1.76018	  1.4782      1.50750      -0.05027      -0.04012     new population
    58   459   942    1.76018	  1.9068     19.59370      -0.16098      -0.51265     new population
    58   460   943    1.76018	  1.0901      0.86389       0.13688       0.33419     new population
    58   460   944    1.76018	  1.9068     19.59490      -0.16098      -0.51266     new population
    58   461   945    1.76018	  1.0901      0.86389       0.13688       0.33419     new population
    59   461   946    1.34032	  2.5926    199.74405      -1.04493      -0.59361     new population
    59   462   947    1.34032	  1.6901      3.93919      -0.06203      -0.31476     new population
    59   462   948    1.34032	  1.7973     24.86379      -0.47416      -0.02822     new population
    59   463   949    1.34032	  1.6995      1.10407       0.21057      -0.50501     new population
    59   464   950    1.34032	  0.5948      0.31965       0.48165       0.70834     new population
    59   464   951    1.34032	  1.0872      0.85852       0.13831       0.33704     new population
    59   464   952    1.34032	  2.2215     84.19604      -0.52995      -0.61074     new population
    59   465   953    1.34032	  1.9869     23.52766       0.18733      -0.81315     new population
    59   466   954    1.34032	  1.7277      1.48500       0.21477      -0.53891     new population
    59   466   955    1.34032	  0.9681      3.88502       0.29551       0.33605     new population
    59   466   956    1.34032	  2.6073    206.76698      -1.05221      -0.60817     new population
    59   467   957    1.34032	  0.9683      3.88677       0.29539       0.33581     new population
    59   467   958    1.34032	  2.4093    129.89250      -0.95332      -0.41039     new population
    59   468   959    1.34032	  0.9691      3.89193       0.29503       0.33508     new population
    59   468   960    1.34032	  2.6078    207.01962      -1.05247      -0.60869     new population
    59   469   961    1.34032	  1.0030      4.08511       0.27889       0.30280     new population
    60   469   962    1.52658	  2.5926    199.74405      -1.04493      -0.59361     new population
    60   470   963    1.52658	  1.7143      4.85623      -0.07309      -0.33689     new population
    60   470   964    1.52658	  1.7971     24.84962      -0.47403      -0.02796     new population
    60   471   965    1.52658	  1.6994      1.10340       0.21059      -0.50497     new population
    60   472   966    1.52658	  0.5948      0.31965       0.48165       0.70834     new population
    60   472   967    1.52658	  1.1189      0.91527       0.12262       0.30566     new population
    60   472   968    1.52658	  2.2200     83.73480      -0.52921      -0.60926     new population
    60   473   969    1.52658	  1.9294     14.47841       0.21308      -0.76165     new population
    60   474   970    1.52658	  1.7267      1.46275       0.21522      -0.53801     new population
    60   474   971    1.52658	  1.6901      3.93919      -0.06203      -0.31476     new population
    60   474   972    1.52658	  1.6901      3.93919      -0.06203      -0.31476     new population
    60   475   973    1.52658	  1.6875      3.84941      -0.06083      -0.31236     new population
    60   475   974    1.52658	  1.6901      3.93919      -0.06203      -0.31476     new population
    60   475   975    1.52658	  1.6943      4.08685      -0.06395      -0.31860     new population
    60   476   976    1.52658	  1.6905      3.95096      -0.06218      -0.31507     new population
    60   477   977    1.52658	  1.6903      3.94577      -0.06211      -0.31493     new population
    61   477   978    1.52658	  2.5926    199.74405      -1.04493      -0.59361     new population
    61   478   979    1.52658	  1.7117      4.74866      -0.07189      -0.33448     new population
    61   478   980    1.52658	  1.7974     24.86548      -0.47418      -0.02825     new population
    61   479   981    1.52658	  1.6995      1.10407       0.21057      -0.50501     new population
    61   480   982    1.52658	  0.5944      0.32090       0.48185       0.70873     new population
    61   480   983    1.52658	  1.1188      0.91520       0.12264       0.30570     new population
    61   480   984    1.52658	  2.2372     88.89405      -0.53729      -0.62542     new population
    61   481   985    1.52658	  1.9290     14.42386       0.21326      -0.76128     new population
    61   482   986    1.52658	  1.7267      1.46275       0.21522      -0.53801     new population
    61   482   987    1.52658	  2.5215    191.59030      -0.82828      -0.73646     new population
    61   483   988    1.52658	  1.6767      0.90239       0.22078      -0.48458     new population
    61   483   989    1.52658	  1.7971     24.84962      -0.47403      -0.02796     new population
    61   484   990    1.52658	  1.6995      1.10407       0.21057      -0.50501     new population
    61   484   991    1.52658	  1.8802     30.39469      -0.51605      -0.11200     new population
    61   485   992    1.52658	  1.6995      1.10476       0.21054      -0.50506     new population
    61   485   993    1.52658	  1.8405     27.50898      -0.49608      -0.07205     new population
    62   485   994    1.52678	  2.5926    199.74405      -1.04493      -0.59361     new population
    62   486   995    1.52678	  1.7082      4.60858      -0.07029      -0.33129     new population
    62   486   996    1.52678	  1.7971     24.84946      -0.47403      -0.02796     new population
    62   487   997    1.52678	  1.6995      1.10407       0.21057      -0.50501     new population
    62   488   998    1.52678	  0.5944      0.32090       0.48185       0.70873     new population
    62   488   999    1.52678	  1.1228      0.92171       0.12071       0.30184     new population
    62   488   1000    1.52678	  2.2372     88.87908      -0.53727      -0.62538     new population
    62   488   1000    1.58047	  2.2372      0.32090       0.48185       0.70873     end
---------------------------------------------------------------------------------------------------
Type Exit: 2 
Reached the allowed number of function evaluations
Ni = 62, Nf= 1000, T = 0.6080 sec
x1 = 0.481854019217 x2 = 0.708733672790 
Fx = 0.320897561506

Exp:
x1 = 4.818540192167e-001 x2 = 7.087336727904e-001 
Fx = 3.208975615055e-001
