Polynomial3D   Cubic Interpolation Search 

H = 0.666667, Tol = 0.001000, Nfm = 100, Nim = 100, Tm = 10.000
------------------------------------------------------------------------
 Ni    Nb    Nf      H         Dx        F1         x1		   State   
------------------------------------------------------------------------
   0    1    1    0.66667     2.0000     1.00000    -2.00000	begin
   0    2    2    0.66667     1.3333     0.74074    -1.33333	interval
   0    3    3    1.33333     0.0000     0.00000     0.00000	forward
   0    3    4    2.66667     2.6667    10.07408     2.66667	forward
   0    3    5    0.41026     0.4103     0.10897    -0.41026	parabola
   1    4    6    0.41026     0.0000     0.00000     0.00000	cubic
   2    5    7    0.41026     0.0000     0.00000     0.00000	right
   3    6    8    0.41026     0.0000     0.00000     0.00000	left
   4    6    9    0.41026     0.0000     0.00000    -0.00000	left
   5    7   10    0.41026     0.0000     0.00000     0.00000	left
   6    7   11    0.41026     0.0000     0.00000     0.00000	right
   7    8   12    0.41026     0.0000     0.00000     0.00000	target non reached
   8    8   13    0.41026     0.0000     0.00000     0.00000	target non reached
   9    8   14    0.41026     0.0000     0.00000     0.00000	target non reached
  10    8   15    0.41026     0.0000     0.00000     0.00000	target non reached
  11    8   16    0.41026     0.0000     0.00000     0.00000	target non reached
  12    8   17    0.41026     0.0000     0.00000     0.00000	target non reached
  13    8   18    0.41026     0.0000     0.00000     0.00000	target non reached
  14    8   19    0.41026     0.0000     0.00000     0.00000	target non reached
  15    8   20    0.41026     0.0000     0.00000     0.00000	target non reached
  16    8   21    0.41026     0.0000     0.00000     0.00000	target non reached
  17    8   22    0.41026     0.0000     0.00000     0.00000	target non reached
  18    8   23    0.41026     0.0000     0.00000     0.00000	target non reached
  19    8   24    0.41026     0.0000     0.00000     0.00000	target non reached
  20    8   25    0.41026     0.0000     0.00000     0.00000	target non reached
  21    8   26    0.41026     0.0000     0.00000     0.00000	target non reached
  22    8   27    0.41026     0.0000     0.00000     0.00000	target non reached
  23    8   28    0.41026     0.0000     0.00000     0.00000	target non reached
  24    8   29    0.41026     0.0000     0.00000     0.00000	target non reached
  25    8   30    0.41026     0.0000     0.00000     0.00000	target non reached
  26    8   31    0.41026     0.0000     0.00000     0.00000	target non reached
  27    8   32    0.41026     0.0000     0.00000     0.00000	target non reached
  28    8   33    0.41026     0.0000     0.00000     0.00000	target non reached
  29    8   34    0.41026     0.0000     0.00000     0.00000	target non reached
  30    8   35    0.41026     0.0000     0.00000     0.00000	target non reached
  31    8   36    0.41026     0.0000     0.00000     0.00000	target non reached
  32    8   37    0.41026     0.0000     0.00000     0.00000	target non reached
  33    8   38    0.41026     0.0000     0.00000     0.00000	target non reached
  34    8   39    0.41026     0.0000     0.00000     0.00000	target non reached
  35    8   40    0.41026     0.0000     0.00000     0.00000	target non reached
  36    8   41    0.41026     0.0000     0.00000     0.00000	target non reached
  37    8   42    0.41026     0.0000     0.00000     0.00000	target non reached
  38    8   43    0.41026     0.0000     0.00000     0.00000	target non reached
  39    8   44    0.41026     0.0000     0.00000     0.00000	target non reached
  40    8   45    0.41026     0.0000     0.00000     0.00000	target non reached
  41    8   46    0.41026     0.0000     0.00000     0.00000	target non reached
  42    8   47    0.41026     0.0000     0.00000     0.00000	target non reached
  43    8   48    0.41026     0.0000     0.00000     0.00000	target non reached
  44    8   49    0.41026     0.0000     0.00000     0.00000	target non reached
  45    8   50    0.41026     0.0000     0.00000     0.00000	target non reached
  46    8   51    0.41026     0.0000     0.00000     0.00000	target non reached
  47    8   52    0.41026     0.0000     0.00000     0.00000	target non reached
  48    8   53    0.41026     0.0000     0.00000     0.00000	target non reached
  49    8   54    0.41026     0.0000     0.00000     0.00000	target non reached
  50    8   55    0.41026     0.0000     0.00000     0.00000	target non reached
  51    8   56    0.41026     0.0000     0.00000     0.00000	target non reached
  52    8   57    0.41026     0.0000     0.00000     0.00000	target non reached
  53    8   58    0.41026     0.0000     0.00000     0.00000	target non reached
  54    8   59    0.41026     0.0000     0.00000     0.00000	target non reached
  55    8   60    0.41026     0.0000     0.00000     0.00000	target non reached
  56    8   61    0.41026     0.0000     0.00000     0.00000	target non reached
  57    8   62    0.41026     0.0000     0.00000     0.00000	target non reached
  58    8   63    0.41026     0.0000     0.00000     0.00000	target non reached
  59    8   64    0.41026     0.0000     0.00000     0.00000	target non reached
  60    8   65    0.41026     0.0000     0.00000     0.00000	target non reached
  61    8   66    0.41026     0.0000     0.00000     0.00000	target non reached
  62    8   67    0.41026     0.0000     0.00000     0.00000	target non reached
  63    8   68    0.41026     0.0000     0.00000     0.00000	target non reached
  64    8   69    0.41026     0.0000     0.00000     0.00000	target non reached
  65    8   70    0.41026     0.0000     0.00000     0.00000	target non reached
  66    8   71    0.41026     0.0000     0.00000     0.00000	target non reached
  67    8   72    0.41026     0.0000     0.00000     0.00000	target non reached
  68    8   73    0.41026     0.0000     0.00000     0.00000	target non reached
  69    8   74    0.41026     0.0000     0.00000     0.00000	target non reached
  70    8   75    0.41026     0.0000     0.00000     0.00000	target non reached
  71    8   76    0.41026     0.0000     0.00000     0.00000	target non reached
  72    8   77    0.41026     0.0000     0.00000     0.00000	target non reached
  73    8   78    0.41026     0.0000     0.00000     0.00000	target non reached
  74    8   79    0.41026     0.0000     0.00000     0.00000	target non reached
  75    8   80    0.41026     0.0000     0.00000     0.00000	target non reached
  76    8   81    0.41026     0.0000     0.00000     0.00000	target non reached
  77    8   82    0.41026     0.0000     0.00000     0.00000	target non reached
  78    8   83    0.41026     0.0000     0.00000     0.00000	target non reached
  79    8   84    0.41026     0.0000     0.00000     0.00000	target non reached
  80    8   85    0.41026     0.0000     0.00000     0.00000	target non reached
  81    8   86    0.41026     0.0000     0.00000     0.00000	target non reached
  82    8   87    0.41026     0.0000     0.00000     0.00000	target non reached
  83    8   88    0.41026     0.0000     0.00000     0.00000	target non reached
  84    8   89    0.41026     0.0000     0.00000     0.00000	target non reached
  85    8   90    0.41026     0.0000     0.00000     0.00000	target non reached
  86    8   91    0.41026     0.0000     0.00000     0.00000	target non reached
  87    8   92    0.41026     0.0000     0.00000     0.00000	target non reached
  88    8   93    0.41026     0.0000     0.00000     0.00000	target non reached
  89    8   94    0.41026     0.0000     0.00000     0.00000	target non reached
  90    8   95    0.41026     0.0000     0.00000     0.00000	target non reached
  91    8   96    0.41026     0.0000     0.00000     0.00000	target non reached
  92    8   97    0.41026     0.0000     0.00000     0.00000	target non reached
  93    8   98    0.41026     0.0000     0.00000     0.00000	target non reached
  94    8   99    0.41026     0.0000     0.00000     0.00000	target non reached
  95    8   100    0.41026     0.0000     0.00000     0.00000	target non reached
  95    8   100    0.41026     0.0000     0.00000     0.00000	end
------------------------------------------------------------------------
Type Exit: 2 
Reached the allowed number of function evaluations
Ni = 95, Nf = 100, T = 0.001 sec
x = 0.000000000000
Fx = 0.000000000000

Exp: 
x = 0.000000000000e+000
Fx = 0.000000000000e+000
