Rotated Paraboloid     Nelder-Mead Search 

H = 0.100000, Tol = 0.010000, Nfm = 500, Nim = 200
--------------------------------------------------------------------------------------------------
    Ni    Nb    Nf       H          Dx           F1           x1           x2         State   
--------------------------------------------------------------------------------------------------
     0     1     1    0.10000	  1.2649      1.02400      -1.20000      -0.40000     begin
     0     2     2    0.10000	  1.1705      0.84200      -1.10000      -0.40000     init polyhedron
     0     2     3    0.10000	  1.2369      1.09800      -1.20000      -0.30000     init polyhedron
     1     3     4    0.10000	  1.2083      0.80000      -1.10000      -0.50000     reflection
     1     4     5    0.10000	  1.2093      0.70650      -1.05000      -0.60000     stretching
     2     5     6    0.20000	  1.1236      0.57850      -0.95000      -0.60000     reflection
     2     6     7    0.20000	  1.0820      0.47762      -0.82500      -0.70000     stretching
     3     6     8    0.27500	  1.1877      0.57362      -0.77500      -0.90000     reflection
     4     6     9    0.20000	  1.1413      0.64250      -0.55000      -1.00000     reflection
     4     7    10    0.20000	  1.1250      0.53662      -0.67500      -0.90000     compression
     5     8    11    0.20000	  1.0078      0.40662      -0.72500      -0.70000     reflection
     5     9    12    0.20000	  0.9220      0.34600      -0.70000      -0.60000     stretching
     6     9    13    0.30000	  0.9394      0.47450      -0.85000      -0.40000     reflection
     7    10    14    0.20000	  0.7846      0.35462      -0.72500      -0.30000     reflection
     8    11    15    0.30000	  0.7620      0.23562      -0.57500      -0.50000     reflection
     8    12    16    0.30000	  0.7028      0.20516      -0.43750      -0.55000     stretching
     9    12    17    0.28750	  0.9448      0.47191      -0.41250      -0.85000     reflection
     9    13    18    0.28750	  0.7809      0.27024      -0.64687      -0.43750     compression
    10    14    19    0.26250	  0.5458      0.11917      -0.38437      -0.38750     reflection
    10    15    20    0.26250	  0.3612      0.05397      -0.22656      -0.28125     stretching
    11    15    21    0.42031	  0.3941      0.14721      -0.01719      -0.39375     reflection
    12    16    22    0.21094	  0.2306      0.08223       0.19375      -0.12500     reflection
    13    17    23    0.42031	  0.0200      0.00017      -0.01562      -0.01250     reflection
    13    17    23    0.42031	  0.0200      0.00017      -0.01562      -0.01250     end
---------------------------------------------------------------------------------------------------
Type Exit: 4 
Achieved a given accuracy in function
Ni = 13, Nf= 23, T = 0.0040 sec
x1 = -0.015625000000 x2 = -0.012500000000 
Fx = 0.000166015616

Exp:
x1 = -1.562500000000e-002 x2 = -1.250000000000e-002 
Fx = 1.660156156867e-004
