Paraboloid   AdaptationStep MultiSearch    Polak-Ribiere Search 

H = 0.100000, Tol = 0.010000, Nfm = 200, Nim = 100
--------------------------------------------------------------------------------------------------
    Ni    Nb    Nf       H          Dx           F1           x1           x2         State   
--------------------------------------------------------------------------------------------------
     0     1     1    0.10000	  5.8310     34.00000      -1.00000       1.00000     begin
     1     2     4    1.00000	  5.1643     26.66984      -0.42834       1.34300     foward
     1     3     5    0.50000	  4.8310     23.33810      -0.14251       1.51449     foward
     1     4     6    1.00000	  4.1643     17.34127       0.42916       1.85749     foward
     1     5     7    2.00000	  2.8310      8.01429       1.57248       2.54348     foward
     1     6     8    4.00000	  0.1643      0.02699       3.85914       3.91546     foward
     1     6     9    8.00000	  5.1690     26.71906       8.43244       6.65943     foward
     1     7    10    2.00000	  1.1690      1.36667       5.00246       4.60145     back
     1     8    11   -1.00000	  0.8310      0.69048       3.28747       3.57247     back
     1     9    12    0.50000	  0.1690      0.02858       4.14497       4.08696     back
     1     9    13   -0.25000	  0.3310      0.10953       3.71622       3.82971     back
     1    10    14    0.12500	  0.0810      0.00655       3.93059       3.95834     back
     1    10    15    5.75000	  0.0810      0.00655       3.93059       3.95834     end
---------------------------------------------------------------------------------------------------
Type Exit: 4 
Achieved a given accuracy in function
Ni = 1, Nf= 15, T = 0.0030 sec
x1 = 3.930593170903 x2 = 3.958336179970 
Fx = 0.006553181825
Grad:
g1 = 3.930593 g2 = 3.958336 
Exp:
x1 = 3.930593170903e+000 x2 = 3.958336179970e+000 
Fx = 6.553181824739e-003
