Parabola ó=õ^2   Division 2 

H = 0.100000, Tol = 0.010000, Nfm = 500, Nim = 200, Tm = 10.000
------------------------------------------------------------------------
 Ni    Nb    Nf      H         Dx        F1         x1		   State   
------------------------------------------------------------------------
   0    1    1    0.10000     2.0000     4.00000    -2.00000	begin
   0    2    2    0.10000     1.9000     3.61000    -1.90000	interval
   0    3    3    0.20000     1.7000     2.89000    -1.70000	forward
   0    4    4    0.40000     1.3000     1.69000    -1.30000	forward
   0    5    5    0.80000     0.5000     0.25000    -0.50000	forward
   0    5    6    1.60000     1.1000     1.21000     1.10000	forward
   0    5    7    0.10000     0.1000     0.01000    -0.10000	division
   1    5    8    0.60000     0.7000     0.49000    -0.70000	division
   1    6    9    0.60000     0.5000     0.25000     0.50000	division
   2    7   10    0.30000     0.4000     0.16000    -0.40000	middle
   2    8   11    0.30000     0.2000     0.04000     0.20000	middle
   3    8   12    0.15000     0.2500     0.06250    -0.25000	middle
   3    9   13    0.15000     0.0500     0.00250     0.05000	middle
   3    9   13    0.15000     0.0500     0.00250     0.05000	end
------------------------------------------------------------------------
Type Exit: 4 
Achieved a given accuracy in function
Ni = 3, Nf = 13, T = 0.001 sec
x = 0.050000000000
Fx = 0.002500000000

Exp: 
x = 5.000000000000e-002
Fx = 2.500000000000e-003
