Parabola ó=õ^2   Sven Search 

H = 0.100000, Tol = 0.010000, Nfm = 200, Nim = 100, Tm = 10.000
------------------------------------------------------------------------
 Ni    Nb    Nf      H         Dx        F1         x1		   State   
------------------------------------------------------------------------
   0    1    1    0.10000     1.0000     1.00000    -1.00000	begin
   0    2    2    0.10000     0.9000     0.81000    -0.90000	interval
   0    3    3    0.20000     0.7000     0.49000    -0.70000	forward
   0    4    4    0.40000     0.3000     0.09000    -0.30000	forward
   0    4    5    0.80000     0.5000     0.25000     0.50000	forward
   0    4    5    0.80000     0.5000     0.09000    -0.30000	end
------------------------------------------------------------------------
Type Exit: 0 
Begin point
Ni = 0, Nf = 5, T = 0.001 sec
x = -0.300000000000
Fx = 0.090000000000

Exp: 
x = -3.000000000000e-001
Fx = 9.000000000000e-002
