U - func(Rosenbrock)     Hooke Jeeves Search 

H = 0.100000, Tol = 0.010000, Nfm = 400, Nim = 100
--------------------------------------------------------------------------------------------------
    Ni    Nb    Nf       H          Dx           F1           x1           x2         State   
--------------------------------------------------------------------------------------------------
     0     1     1    0.10000	  2.0000      4.00000      -1.00000       1.00000     begin
     1     1     2    0.10000	  1.9000      7.22000      -0.90000       1.00000     disc search 1
     1     1     3    0.10000	  2.1000      8.82000      -1.10000       1.00000     disc search 1
     1     2     4    0.10000	  2.0025      5.00000      -1.00000       1.10000     disc search 1
     1     3     5    0.10000	  2.0025      5.00000      -1.00000       0.90000     disc search 1
     2     4     6    0.05000	  1.9500      4.75313      -0.95000       1.00000     disc search 1
     2     4     7    0.05000	  2.0500      5.25313      -1.05000       1.00000     disc search 1
     2     5     8    0.05000	  2.0006      4.25000      -1.00000       1.05000     disc search 1
     2     5     9    0.05000	  2.0006      4.25000      -1.00000       0.95000     disc search 1
     3     6    10    0.02500	  1.9750      4.14441      -0.97500       1.00000     disc search 1
     3     6    11    0.02500	  2.0250      4.35691      -1.02500       1.00000     disc search 1
     3     7    12    0.02500	  2.0002      4.06250      -1.00000       1.02500     disc search 1
     3     7    13    0.02500	  2.0002      4.06250      -1.00000       0.97500     disc search 1
     4     8    14    0.01250	  1.9875      4.01188      -0.98750       1.00000     disc search 1
     4     8    15    0.01250	  2.0125      4.11344      -1.01250       1.00000     disc search 1
     4     9    16    0.01250	  2.0000      4.01563      -1.00000       1.01250     disc search 1
     4     9    17    0.01250	  2.0000      4.01563      -1.00000       0.98750     disc search 1
     5    10    18    0.00625	  1.9937      3.99057      -0.99375       1.00000     disc search 1
     5    10    19    0.00625	  1.9938      4.01005      -0.99375       1.00625     disc search 1
     5    11    20    0.00625	  1.9938      3.97890      -0.99375       0.99375     disc search 1
     5    12    21    0.00625	  1.9875      3.96539      -0.98750       0.98750     pattern
     5    12    22    0.00625	  1.9813      3.98611      -0.98125       0.98750     disc search 2
     5    13    23    0.00625	  1.9938      3.97504      -0.99375       0.98750     disc search 2
     5    13    24    0.00625	  1.9875      3.98473      -0.98750       0.99375     disc search 2
     5    14    25    0.00625	  1.9876      3.95387      -0.98750       0.98125     disc search 2
     5    15    26    0.00625	  1.9815      3.92883      -0.98125       0.96875     pattern
     5    15    27    0.00625	  1.9752      3.93348      -0.97500       0.96875     disc search 2
     5    15    28    0.00625	  1.9877      3.95426      -0.98750       0.96875     disc search 2
     5    16    29    0.00625	  1.9814      3.94011      -0.98125       0.97500     disc search 2
     5    17    30    0.00625	  1.9816      3.92536      -0.98125       0.96250     disc search 2
     5    18    31    0.00625	  1.9758      3.90535      -0.97500       0.94375     pattern
     5    19    32    0.00625	  1.9696      3.87876      -0.96875       0.94375     disc search 2
     5    19    33    0.00625	  1.9694      3.88926      -0.96875       0.95000     disc search 2
     5    20    34    0.00625	  1.9697      3.87607      -0.96875       0.93750     disc search 2
     5    21    35    0.00625	  1.9582      3.82728      -0.95625       0.91250     pattern
     5    22    36    0.00625	  1.9520      3.81250      -0.95000       0.91250     disc search 2
     5    22    37    0.00625	  1.9517      3.82891      -0.95000       0.91875     disc search 2
     5    23    38    0.00625	  1.9523      3.80391      -0.95000       0.90625     disc search 2
     5    24    39    0.00625	  1.9353      3.73577      -0.93125       0.87500     pattern
     5    24    40    0.00625	  1.9291      3.74316      -0.92500       0.87500     disc search 2
     5    24    41    0.00625	  1.9415      3.75543      -0.93750       0.87500     disc search 2
     5    25    42    0.00625	  1.9349      3.74939      -0.93125       0.88125     disc search 2
     5    26    43    0.00625	  1.9357      3.72996      -0.93125       0.86875     disc search 2
     5    27    44    0.00625	  1.9199      3.65785      -0.91250       0.83125     pattern
     5    28    45    0.00625	  1.9137      3.64371      -0.90625       0.83125     disc search 2
     5    28    46    0.00625	  1.9132      3.66007      -0.90625       0.83750     disc search 2
     5    29    47    0.00625	  1.9143      3.63517      -0.90625       0.82500     disc search 2
     5    30    48    0.00625	  1.8939      3.54126      -0.88125       0.78125     pattern
     5    31    49    0.00625	  1.8877      3.54004      -0.87500       0.78125     disc search 2
     5    31    50    0.00625	  1.8870      3.56348      -0.87500       0.78750     disc search 2
     5    32    51    0.00625	  1.8885      3.52441      -0.87500       0.77500     disc search 2
     5    33    52    0.00625	  1.8641      3.41654      -0.84375       0.72500     pattern
     5    33    53    0.00625	  1.8580      3.43207      -0.83750       0.72500     disc search 2
     5    34    54    0.00625	  1.8703      3.42313      -0.85000       0.72500     disc search 2
     5    34    55    0.00625	  1.8632      3.43680      -0.84375       0.73125     disc search 2
     5    35    56    0.00625	  1.8651      3.40409      -0.84375       0.71875     disc search 2
     5    36    57    0.00625	  1.8437      3.28571      -0.81250       0.66250     pattern
     5    37    58    0.00625	  1.8375      3.27807      -0.80625       0.66250     disc search 2
     5    37    59    0.00625	  1.8364      3.29755      -0.80625       0.66875     disc search 2
     5    38    60    0.00625	  1.8387      3.26640      -0.80625       0.65625     disc search 2
     5    39    61    0.00625	  1.8148      3.12925      -0.76875       0.59375     pattern
     5    40    62    0.00625	  1.8087      3.12164      -0.76250       0.59375     disc search 2
     5    40    63    0.00625	  1.8073      3.14098      -0.76250       0.60000     disc search 2
     5    41    64    0.00625	  1.8101      3.11012      -0.76250       0.58750     disc search 2
     5    42    65    0.00625	  1.7849      2.95456      -0.71875       0.51875     pattern
     5    43    66    0.00625	  1.7788      2.94496      -0.71250       0.51875     disc search 2
     5    43    67    0.00625	  1.7772      2.96274      -0.71250       0.52500     disc search 2
     5    44    68    0.00625	  1.7805      2.93500      -0.71250       0.51250     disc search 2
     5    45    69    0.00625	  1.7551      2.76410      -0.66250       0.43750     pattern
     5    46    70    0.00625	  1.7492      2.74784      -0.65625       0.43750     disc search 2
     5    46    71    0.00625	  1.7472      2.76029      -0.65625       0.44375     disc search 2
     5    47    72    0.00625	  1.7512      2.74320      -0.65625       0.43125     disc search 2
     5    48    73    0.00625	  1.7270      2.57000      -0.60000       0.35000     pattern
     5    49    74    0.00625	  1.7212      2.54068      -0.59375       0.35000     disc search 2
     5    49    75    0.00625	  1.7189      2.54142      -0.59375       0.35625     disc search 2
     5    49    76    0.00625	  1.7236      2.54776      -0.59375       0.34375     disc search 2
     5    50    77    0.00625	  1.6969      2.36289      -0.53125       0.26875     pattern
     5    51    78    0.00625	  1.6913      2.33035      -0.52500       0.26875     disc search 2
     5    52    79    0.00625	  1.6886      2.32566      -0.52500       0.27500     disc search 2
     5    53    80    0.00625	  1.6615      2.12733      -0.45625       0.20000     pattern
     5    54    81    0.00625	  1.6560      2.10313      -0.45000       0.20000     disc search 2
     5    54    82    0.00625	  1.6530      2.10391      -0.45000       0.20625     disc search 2
     5    54    83    0.00625	  1.6591      2.11016      -0.45000       0.19375     disc search 2
     5    55    84    0.00625	  1.6298      1.91504      -0.37500       0.12500     pattern
     5    56    85    0.00625	  1.6245      1.88553      -0.36875       0.12500     disc search 2
     5    57    86    0.00625	  1.6212      1.87571      -0.36875       0.13125     disc search 2
     5    58    87    0.00625	  1.5927      1.69828      -0.28750       0.06250     pattern
     5    59    88    0.00625	  1.5876      1.66916      -0.28125       0.06250     disc search 2
     5    60    89    0.00625	  1.5839      1.65232      -0.28125       0.06875     disc search 2
     5    61    90    0.00625	  1.5532      1.52294      -0.19375       0.00625     pattern
     5    62    91    0.00625	  1.5484      1.49371      -0.18750       0.00625     disc search 2
     5    63    92    0.00625	  1.5444      1.46149      -0.18750       0.01250     disc search 2
     5    63    93    0.00625	  1.5119      1.47232      -0.09375      -0.04375     pattern
     5    64    94    0.00625	  1.5073      1.44692      -0.08750      -0.04375     disc search 2
     5    65    95    0.00625	  1.5030      1.38656      -0.08750      -0.03750     disc search 2
     5    65    96    0.00625	  1.4689      1.74352       0.01250      -0.08750     pattern
     5    66    97    0.00625	  1.4648      1.73464       0.01875      -0.08750     disc search 2
     5    67    98    0.00625	  1.4601      1.62873       0.01875      -0.08125     disc search 2
     6    68    99    0.00313	  1.5008      1.37496      -0.08438      -0.03750     disc search 1
     6    69   100    0.00313	  1.4986      1.34805      -0.08438      -0.03437     disc search 1
     6    70   101    0.00313	  1.4942      1.31238      -0.08125      -0.03125     pattern
     6    71   102    0.00313	  1.4919      1.30188      -0.07813      -0.03125     disc search 2
     6    72   103    0.00313	  1.4898      1.27951      -0.07813      -0.02812     disc search 2
     6    73   104    0.00313	  1.4809      1.22204      -0.07188      -0.02187     pattern
     6    74   105    0.00313	  1.4787      1.21299      -0.06875      -0.02187     disc search 2
     6    75   106    0.00313	  1.4765      1.19734      -0.06875      -0.01875     disc search 2
     6    76   107    0.00313	  1.4633      1.13892      -0.05938      -0.00937     pattern
     6    77   108    0.00313	  1.4610      1.13139      -0.05625      -0.00937     disc search 2
     6    78   109    0.00313	  1.4588      1.12453      -0.05625      -0.00625     disc search 2
     6    79   110    0.00313	  1.4412      1.09129      -0.04375       0.00625     pattern
     6    80   111    0.00313	  1.4389      1.08502      -0.04063       0.00625     disc search 2
     6    80   112    0.00313	  1.4367      1.08887      -0.04063       0.00938     disc search 2
     6    81   113    0.00313	  1.4411      1.08312      -0.04063       0.00313     disc search 2
     6    82   114    0.00313	  1.4233      1.06473      -0.02500       0.01250     pattern
     6    83   115    0.00313	  1.4211      1.05868      -0.02188       0.01250     disc search 2
     6    83   116    0.00313	  1.4189      1.06717      -0.02188       0.01563     disc search 2
     6    84   117    0.00313	  1.4232      1.05214      -0.02188       0.00938     disc search 2
     6    85   118    0.00313	  1.4054      1.03064      -0.00313       0.01563     pattern
     6    86   119    0.00313	  1.4032      1.02441      -0.00000       0.01563     disc search 2
     6    86   120    0.00313	  1.4010      1.03516      -0.00000       0.01875     disc search 2
     6    87   121    0.00313	  1.4054      1.01563      -0.00000       0.01250     disc search 2
     6    88   122    0.00313	  1.3877      0.97967       0.02187       0.01563     pattern
     6    89   123    0.00313	  1.3855      0.97313       0.02500       0.01563     disc search 2
     6    89   124    0.00313	  1.3833      0.98348       0.02500       0.01875     disc search 2
     6    90   125    0.00313	  1.3877      0.96473       0.02500       0.01250     disc search 2
     6    91   126    0.00313	  1.3703      0.91250       0.05000       0.01250     pattern
     6    92   127    0.00313	  1.3681      0.90594       0.05312       0.01250     disc search 2
     6    92   128    0.00313	  1.3659      0.91296       0.05312       0.01563     disc search 2
     6    93   129    0.00313	  1.3704      0.90087       0.05312       0.00938     disc search 2
     6    94   130    0.00313	  1.3534      0.84411       0.08125       0.00625     pattern
     6    95   131    0.00313	  1.3513      0.83844       0.08437       0.00625     disc search 2
     6    95   132    0.00313	  1.3490      0.83888       0.08437       0.00938     disc search 2
     6    95   133    0.00313	  1.3536      0.83996       0.08437       0.00313     disc search 2
     6    96   134    0.00313	  1.3326      0.79261       0.11562       0.00313     pattern
     6    97   135    0.00313	  1.3305      0.78865       0.11875       0.00313     disc search 2
     6    98   136    0.00313	  1.3282      0.78277       0.11875       0.00625     disc search 2
     6    99   137    0.00313	  1.3057      0.74677       0.15312       0.00625     pattern
     6   100   138    0.00313	  1.3036      0.74491       0.15625       0.00625     disc search 2
     6   101   139    0.00313	  1.3013      0.73453       0.15625       0.00938     disc search 2
     6   102   140    0.00313	  1.2748      0.71273       0.19375       0.01250     pattern
     6   102   141    0.00313	  1.2729      0.71397       0.19687       0.01250     disc search 2
     6   103   142    0.00313	  1.2768      0.71191       0.19062       0.01250     disc search 2
     6   104   143    0.00313	  1.2744      0.69799       0.19062       0.01563     disc search 2
     6   105   144    0.00313	  1.2479      0.68328       0.22500       0.02188     pattern
     6   105   145    0.00313	  1.2460      0.68679       0.22812       0.02188     disc search 2
     6   106   146    0.00313	  1.2499      0.68030       0.22187       0.02188     disc search 2
     6   107   147    0.00313	  1.2474      0.66418       0.22187       0.02500     disc search 2
     6   108   148    0.00313	  1.2208      0.64602       0.25312       0.03438     pattern
     6   108   149    0.00313	  1.2189      0.65106       0.25625       0.03438     disc search 2
     6   109   150    0.00313	  1.2227      0.64160       0.25000       0.03438     disc search 2
     6   110   151    0.00313	  1.2202      0.62500       0.25000       0.03750     disc search 2
     6   111   152    0.00313	  1.1931      0.59592       0.27812       0.05000     pattern
     6   111   153    0.00313	  1.1913      0.60129       0.28125       0.05000     disc search 2
     6   112   154    0.00313	  1.1950      0.59129       0.27500       0.05000     disc search 2
     6   113   155    0.00313	  1.1926      0.57625       0.27500       0.05313     disc search 2
     6   114   156    0.00313	  1.1650      0.53516       0.30000       0.06875     pattern
     6   114   157    0.00313	  1.1631      0.53916       0.30312       0.06875     disc search 2
     6   115   158    0.00313	  1.1669      0.53196       0.29687       0.06875     disc search 2
     6   116   159    0.00313	  1.1644      0.52082       0.29687       0.07188     disc search 2
     6   117   160    0.00313	  1.1363      0.47615       0.31875       0.09063     pattern
     6   117   161    0.00313	  1.1344      0.47670       0.32187       0.09063     disc search 2
     6   118   162    0.00313	  1.1381      0.47646       0.31562       0.09063     disc search 2
     6   119   163    0.00313	  1.1338      0.47027       0.31875       0.09375     disc search 2
     6   120   164    0.00313	  1.1031      0.43479       0.34062       0.11563     pattern
     6   121   165    0.00313	  1.1013      0.43131       0.34375       0.11563     disc search 2
     6   122   166    0.00313	  1.0988      0.43070       0.34375       0.11875     disc search 2
     6   123   167    0.00313	  1.0638      0.40452       0.36875       0.14375     pattern
     6   124   168    0.00313	  1.0619      0.39752       0.37187       0.14375     disc search 2
     6   124   169    0.00313	  1.0594      0.40191       0.37187       0.14688     disc search 2
     6   125   170    0.00313	  1.0645      0.39509       0.37187       0.14063     disc search 2
     6   126   171    0.00313	  1.0302      0.36063       0.40000       0.16250     pattern
     6   127   172    0.00313	  1.0284      0.35626       0.40312       0.16250     disc search 2
     6   127   173    0.00313	  1.0259      0.35723       0.40312       0.16563     disc search 2
     6   127   174    0.00313	  1.0310      0.35724       0.40312       0.15938     disc search 2
     6   128   175    0.00313	  0.9926      0.32179       0.43437       0.18438     pattern
     6   129   176    0.00313	  0.9908      0.32135       0.43750       0.18438     disc search 2
     6   130   177    0.00313	  0.9882      0.31793       0.43750       0.18750     disc search 2
     6   131   178    0.00313	  0.9482      0.28925       0.47187       0.21250     pattern
     6   131   179    0.00313	  0.9465      0.29285       0.47500       0.21250     disc search 2
     6   132   180    0.00313	  0.9499      0.28745       0.46875       0.21250     disc search 2
     6   133   181    0.00313	  0.9473      0.28391       0.46875       0.21563     disc search 2
     6   134   182    0.00313	  0.9066      0.25391       0.50000       0.24375     pattern
     6   134   183    0.00313	  0.9049      0.25569       0.50312       0.24375     disc search 2
     6   135   184    0.00313	  0.9083      0.25412       0.49687       0.24375     disc search 2
     6   136   185    0.00313	  0.9040      0.25098       0.50000       0.24688     disc search 2
     6   137   186    0.00313	  0.8607      0.22141       0.53125       0.27813     pattern
     6   137   187    0.00313	  0.8590      0.22233       0.53437       0.27813     disc search 2
     6   137   188    0.00313	  0.8624      0.22273       0.52812       0.27813     disc search 2
     6   138   189    0.00313	  0.8581      0.21982       0.53125       0.28125     disc search 2
     6   139   190    0.00313	  0.8123      0.19147       0.56250       0.31563     pattern
     6   140   191    0.00313	  0.8106      0.19054       0.56562       0.31563     disc search 2
     6   141   192    0.00313	  0.8080      0.18882       0.56562       0.31875     disc search 2
     6   142   193    0.00313	  0.7579      0.16141       0.60000       0.35625     pattern
     6   142   194    0.00313	  0.7563      0.16315       0.60312       0.35625     disc search 2
     6   143   195    0.00313	  0.7596      0.16251       0.59687       0.35625     disc search 2
     6   144   196    0.00313	  0.7552      0.16004       0.60000       0.35938     disc search 2
     6   145   197    0.00313	  0.7026      0.13427       0.63437       0.40000     pattern
     6   145   198    0.00313	  0.7010      0.13551       0.63750       0.40000     disc search 2
     6   145   199    0.00313	  0.7043      0.13621       0.63125       0.40000     disc search 2
     6   146   200    0.00313	  0.7000      0.13373       0.63437       0.40313     disc search 2
     6   147   201    0.00313	  0.6447      0.10974       0.66875       0.44688     pattern
     6   148   202    0.00313	  0.6431      0.10973       0.67187       0.44688     disc search 2
     6   149   203    0.00313	  0.6404      0.10787       0.67187       0.45000     disc search 2
     6   150   204    0.00313	  0.5810      0.08848       0.70937       0.49688     pattern
     6   150   205    0.00313	  0.5795      0.09428       0.71250       0.49688     disc search 2
     6   151   206    0.00313	  0.5826      0.08666       0.70625       0.49688     disc search 2
     6   152   207    0.00313	  0.5799      0.08644       0.70625       0.50000     disc search 2
     6   153   208    0.00313	  0.5194      0.06749       0.74062       0.55000     pattern
     6   154   209    0.00313	  0.5178      0.06667       0.74375       0.55000     disc search 2
     6   155   210    0.00313	  0.5151      0.06566       0.74375       0.55313     disc search 2
     6   156   211    0.00313	  0.4504      0.04953       0.78125       0.60625     pattern
     6   156   212    0.00313	  0.4489      0.05458       0.78437       0.60625     disc search 2
     6   157   213    0.00313	  0.4520      0.04929       0.77812       0.60625     disc search 2
     6   157   214    0.00313	  0.4492      0.05075       0.77812       0.60938     disc search 2
     6   158   215    0.00313	  0.4547      0.04978       0.77812       0.60313     disc search 2
     6   159   216    0.00313	  0.3888      0.03522       0.81250       0.65938     pattern
     6   159   217    0.00313	  0.3873      0.03744       0.81562       0.65938     disc search 2
     6   159   218    0.00313	  0.3903      0.03818       0.80937       0.65938     disc search 2
     6   160   219    0.00313	  0.3861      0.03571       0.81250       0.66250     disc search 2
     6   160   220    0.00313	  0.3916      0.03668       0.81250       0.65625     disc search 2
     6   161   221    0.00313	  0.3257      0.02565       0.84687       0.71250     pattern
     6   161   222    0.00313	  0.3243      0.03250       0.85000       0.71250     disc search 2
     6   162   223    0.00313	  0.3272      0.02445       0.84375       0.71250     disc search 2
     6   162   224    0.00313	  0.3245      0.02579       0.84375       0.71563     disc search 2
     6   163   225    0.00313	  0.3300      0.02506       0.84375       0.70938     disc search 2
     6   164   226    0.00313	  0.2656      0.01563       0.87500       0.76563     pattern
     6   164   227    0.00313	  0.2642      0.01785       0.87812       0.76563     disc search 2
     6   164   228    0.00313	  0.2671      0.01940       0.87187       0.76563     disc search 2
     6   165   229    0.00313	  0.2629      0.01660       0.87500       0.76875     disc search 2
     6   166   230    0.00313	  0.2684      0.01660       0.87500       0.76250     disc search 2
     6   167   231    0.00313	  0.2041      0.00943       0.90625       0.81875     pattern
     6   167   231    0.00313	  0.2041      0.00943       0.90625       0.81875     end
---------------------------------------------------------------------------------------------------
Type Exit: 4 
Achieved a given accuracy in function
Ni = 6, Nf= 231, T = 0.0320 sec
x1 = 0.906250000000 x2 = 0.818750000000 
Fx = 0.009433746338

Exp:
x1 = 9.062500000000e-001 x2 = 8.187500000000e-001 
Fx = 9.433746337887e-003
